01-Nov-2023 19:31:16.846 INFO [main] org.apache.catalina.startup.VersionLoggerListener.log Server version name:   Apache Tomcat/9.0.82
01-Nov-2023 19:31:16.850 INFO [main] org.apache.catalina.startup.VersionLoggerListener.log Server built:          Oct 11 2023 13:15:08 UTC
01-Nov-2023 19:31:16.850 INFO [main] org.apache.catalina.startup.VersionLoggerListener.log Server version number: 9.0.82.0
01-Nov-2023 19:31:16.851 INFO [main] org.apache.catalina.startup.VersionLoggerListener.log OS Name:               Windows 11
01-Nov-2023 19:31:16.851 INFO [main] org.apache.catalina.startup.VersionLoggerListener.log Версия ОС:             10.0
01-Nov-2023 19:31:16.851 INFO [main] org.apache.catalina.startup.VersionLoggerListener.log Архитектура:           amd64
01-Nov-2023 19:31:16.851 INFO [main] org.apache.catalina.startup.VersionLoggerListener.log Java Home:             C:\Users\zloug\.jdks\corretto-17.0.8.1
01-Nov-2023 19:31:16.851 INFO [main] org.apache.catalina.startup.VersionLoggerListener.log Версия JVM:            17.0.8.1+8-LTS
01-Nov-2023 19:31:16.851 INFO [main] org.apache.catalina.startup.VersionLoggerListener.log Производитель JVM:     Amazon.com Inc.
01-Nov-2023 19:31:16.852 INFO [main] org.apache.catalina.startup.VersionLoggerListener.log CATALINA_BASE:         D:\laboratory-works\third year\fifth semester\Object-oriented programming technologies\lab2\src\main\webapp
01-Nov-2023 19:31:16.852 INFO [main] org.apache.catalina.startup.VersionLoggerListener.log CATALINA_HOME:         C:\Program Files\Apache Software Foundation\Tomcat 9.0
01-Nov-2023 19:31:16.862 INFO [main] org.apache.catalina.startup.VersionLoggerListener.log Command line argument: --add-opens=java.base/java.lang=ALL-UNNAMED
01-Nov-2023 19:31:16.862 INFO [main] org.apache.catalina.startup.VersionLoggerListener.log Command line argument: --add-opens=java.base/java.io=ALL-UNNAMED
01-Nov-2023 19:31:16.862 INFO [main] org.apache.catalina.startup.VersionLoggerListener.log Command line argument: --add-opens=java.base/java.util=ALL-UNNAMED
01-Nov-2023 19:31:16.862 INFO [main] org.apache.catalina.startup.VersionLoggerListener.log Command line argument: --add-opens=java.base/java.util.concurrent=ALL-UNNAMED
01-Nov-2023 19:31:16.862 INFO [main] org.apache.catalina.startup.VersionLoggerListener.log Command line argument: --add-opens=java.rmi/sun.rmi.transport=ALL-UNNAMED
01-Nov-2023 19:31:16.862 INFO [main] org.apache.catalina.startup.VersionLoggerListener.log Command line argument: -Dcatalina.home=C:\Program Files\Apache Software Foundation\Tomcat 9.0
01-Nov-2023 19:31:16.862 INFO [main] org.apache.catalina.startup.VersionLoggerListener.log Command line argument: -Dcatalina.base=D:\laboratory-works\third year\fifth semester\Object-oriented programming technologies\lab2\src\main\webapp
01-Nov-2023 19:31:16.862 INFO [main] org.apache.catalina.startup.VersionLoggerListener.log Command line argument: -Djava.io.tmpdir=D:\laboratory-works\third year\fifth semester\Object-oriented programming technologies\lab2\src\main\webapp\temp
01-Nov-2023 19:31:16.863 INFO [main] org.apache.catalina.startup.VersionLoggerListener.log Command line argument: -Djava.util.logging.config.file=D:\laboratory-works\third year\fifth semester\Object-oriented programming technologies\lab2\src\main\webapp\conf\logging.properties
01-Nov-2023 19:31:16.863 INFO [main] org.apache.catalina.startup.VersionLoggerListener.log Command line argument: -Djava.util.logging.manager=org.apache.juli.ClassLoaderLogManager
01-Nov-2023 19:31:16.863 INFO [main] org.apache.catalina.startup.VersionLoggerListener.log Command line argument: -javaagent:D:\Soft\Intellij IDEA\IntelliJ IDEA Community Edition 2022.3.2\lib\idea_rt.jar=58576:D:\Soft\Intellij IDEA\IntelliJ IDEA Community Edition 2022.3.2\bin
01-Nov-2023 19:31:16.863 INFO [main] org.apache.catalina.startup.VersionLoggerListener.log Command line argument: -Dfile.encoding=UTF-8
01-Nov-2023 19:31:16.871 INFO [main] org.apache.catalina.core.AprLifecycleListener.lifecycleEvent The Apache Tomcat Native library which allows using OpenSSL was not found on the java.library.path: [C:\Users\zloug\.jdks\corretto-17.0.8.1\bin;C:\WINDOWS\Sun\Java\bin;C:\WINDOWS\system32;C:\WINDOWS;C:\Program Files\Common Files\Oracle\Java\javapath;C:\WINDOWS\system32;C:\WINDOWS;C:\WINDOWS\System32\Wbem;C:\WINDOWS\System32\WindowsPowerShell\v1.0\;C:\WINDOWS\System32\OpenSSH\;C:\Program Files\NVIDIA Corporation\NVIDIA NvDLISR;C:\Program Files (x86)\NVIDIA Corporation\PhysX\Common;D:\Soft\Git\Git\cmd;C:\Program Files\nodejs\;C:\Program Files (x86)\Microsoft SQL Server\160\Tools\Binn\;C:\Program Files\Microsoft SQL Server\160\Tools\Binn\;C:\Program Files\Microsoft SQL Server\Client SDK\ODBC\170\Tools\Binn\;C:\Program Files\Microsoft SQL Server\160\DTS\Binn\;C:\Program Files\dotnet\;C:\Program Files\Microsoft SQL Server\150\Tools\Binn\;C:\Program Files (x86)\Microsoft SQL Server\160\DTS\Binn\;C:\Program Files\Azure Data Studio\bin;C:\Users\zloug\AppData\Local\Microsoft\WindowsApps;D:\Soft\VS Code\Microsoft VS Code\bin;C:\Users\zloug\AppData\Roaming\npm;C:\Program Files\Java\jdk-19\bin;C:\Users\zloug\.dotnet\tools;C:\Program Files\Azure Data Studio\bin;.]
01-Nov-2023 19:31:17.196 INFO [main] org.apache.coyote.AbstractProtocol.init Инициализация ProtocolHandler ["http-nio-8080"]
01-Nov-2023 19:31:17.214 INFO [main] org.apache.catalina.startup.Catalina.load Server initialization in [625] milliseconds
01-Nov-2023 19:31:17.264 INFO [main] org.apache.catalina.core.StandardService.startInternal Starting service [Catalina]
01-Nov-2023 19:31:17.264 INFO [main] org.apache.catalina.core.StandardEngine.startInternal Starting Servlet engine: [Apache Tomcat/9.0.82]
01-Nov-2023 19:31:17.276 INFO [main] org.apache.catalina.startup.HostConfig.deployDescriptor Deploying deployment descriptor [D:\laboratory-works\third year\fifth semester\Object-oriented programming technologies\lab2\src\main\webapp\conf\Catalina\localhost\lab2.xml]
01-Nov-2023 19:31:17.823 INFO [main] org.apache.jasper.servlet.TldScanner.scanJars At least one JAR was scanned for TLDs yet contained no TLDs. Enable debug logging for this logger for a complete list of JARs that were scanned but no TLDs were found in them. Skipping unneeded JARs during scanning can improve startup time and JSP compilation time.
01-Nov-2023 19:31:17.924 INFO [main] org.apache.catalina.startup.HostConfig.deployDescriptor Deployment of deployment descriptor [D:\laboratory-works\third year\fifth semester\Object-oriented programming technologies\lab2\src\main\webapp\conf\Catalina\localhost\lab2.xml] has finished in [647] ms
01-Nov-2023 19:31:17.927 INFO [main] org.apache.coyote.AbstractProtocol.start Starting ProtocolHandler ["http-nio-8080"]
01-Nov-2023 19:31:17.964 INFO [main] org.apache.catalina.startup.Catalina.start Server startup in [749] milliseconds
01-Nov-2023 19:32:58.987 INFO [Thread-1] org.apache.coyote.AbstractProtocol.pause Pausing ProtocolHandler ["http-nio-8080"]
01-Nov-2023 19:32:59.001 INFO [Thread-1] org.apache.catalina.core.StandardService.stopInternal Stopping service [Catalina]
01-Nov-2023 19:32:59.014 INFO [Thread-1] org.apache.coyote.AbstractProtocol.stop Stopping ProtocolHandler ["http-nio-8080"]
01-Nov-2023 19:32:59.027 INFO [Thread-1] org.apache.coyote.AbstractProtocol.destroy Destroying ProtocolHandler ["http-nio-8080"]
01-Nov-2023 19:33:04.556 INFO [main] org.apache.catalina.startup.VersionLoggerListener.log Server version name:   Apache Tomcat/9.0.82
01-Nov-2023 19:33:04.562 INFO [main] org.apache.catalina.startup.VersionLoggerListener.log Server built:          Oct 11 2023 13:15:08 UTC
01-Nov-2023 19:33:04.562 INFO [main] org.apache.catalina.startup.VersionLoggerListener.log Server version number: 9.0.82.0
01-Nov-2023 19:33:04.562 INFO [main] org.apache.catalina.startup.VersionLoggerListener.log OS Name:               Windows 11
01-Nov-2023 19:33:04.562 INFO [main] org.apache.catalina.startup.VersionLoggerListener.log Версия ОС:             10.0
01-Nov-2023 19:33:04.563 INFO [main] org.apache.catalina.startup.VersionLoggerListener.log Архитектура:           amd64
01-Nov-2023 19:33:04.563 INFO [main] org.apache.catalina.startup.VersionLoggerListener.log Java Home:             C:\Users\zloug\.jdks\corretto-17.0.8.1
01-Nov-2023 19:33:04.563 INFO [main] org.apache.catalina.startup.VersionLoggerListener.log Версия JVM:            17.0.8.1+8-LTS
01-Nov-2023 19:33:04.564 INFO [main] org.apache.catalina.startup.VersionLoggerListener.log Производитель JVM:     Amazon.com Inc.
01-Nov-2023 19:33:04.564 INFO [main] org.apache.catalina.startup.VersionLoggerListener.log CATALINA_BASE:         D:\laboratory-works\third year\fifth semester\Object-oriented programming technologies\lab2\src\main\webapp
01-Nov-2023 19:33:04.564 INFO [main] org.apache.catalina.startup.VersionLoggerListener.log CATALINA_HOME:         C:\Program Files\Apache Software Foundation\Tomcat 9.0
01-Nov-2023 19:33:04.577 INFO [main] org.apache.catalina.startup.VersionLoggerListener.log Command line argument: --add-opens=java.base/java.lang=ALL-UNNAMED
01-Nov-2023 19:33:04.577 INFO [main] org.apache.catalina.startup.VersionLoggerListener.log Command line argument: --add-opens=java.base/java.io=ALL-UNNAMED
01-Nov-2023 19:33:04.577 INFO [main] org.apache.catalina.startup.VersionLoggerListener.log Command line argument: --add-opens=java.base/java.util=ALL-UNNAMED
01-Nov-2023 19:33:04.577 INFO [main] org.apache.catalina.startup.VersionLoggerListener.log Command line argument: --add-opens=java.base/java.util.concurrent=ALL-UNNAMED
01-Nov-2023 19:33:04.577 INFO [main] org.apache.catalina.startup.VersionLoggerListener.log Command line argument: --add-opens=java.rmi/sun.rmi.transport=ALL-UNNAMED
01-Nov-2023 19:33:04.577 INFO [main] org.apache.catalina.startup.VersionLoggerListener.log Command line argument: -Dcatalina.home=C:\Program Files\Apache Software Foundation\Tomcat 9.0
01-Nov-2023 19:33:04.578 INFO [main] org.apache.catalina.startup.VersionLoggerListener.log Command line argument: -Dcatalina.base=D:\laboratory-works\third year\fifth semester\Object-oriented programming technologies\lab2\src\main\webapp
01-Nov-2023 19:33:04.578 INFO [main] org.apache.catalina.startup.VersionLoggerListener.log Command line argument: -Djava.io.tmpdir=D:\laboratory-works\third year\fifth semester\Object-oriented programming technologies\lab2\src\main\webapp\temp
01-Nov-2023 19:33:04.578 INFO [main] org.apache.catalina.startup.VersionLoggerListener.log Command line argument: -Djava.util.logging.config.file=D:\laboratory-works\third year\fifth semester\Object-oriented programming technologies\lab2\src\main\webapp\conf\logging.properties
01-Nov-2023 19:33:04.578 INFO [main] org.apache.catalina.startup.VersionLoggerListener.log Command line argument: -Djava.util.logging.manager=org.apache.juli.ClassLoaderLogManager
01-Nov-2023 19:33:04.578 INFO [main] org.apache.catalina.startup.VersionLoggerListener.log Command line argument: -javaagent:D:\Soft\Intellij IDEA\IntelliJ IDEA Community Edition 2022.3.2\lib\idea_rt.jar=58637:D:\Soft\Intellij IDEA\IntelliJ IDEA Community Edition 2022.3.2\bin
01-Nov-2023 19:33:04.578 INFO [main] org.apache.catalina.startup.VersionLoggerListener.log Command line argument: -Dfile.encoding=UTF-8
01-Nov-2023 19:33:04.595 INFO [main] org.apache.catalina.core.AprLifecycleListener.lifecycleEvent The Apache Tomcat Native library which allows using OpenSSL was not found on the java.library.path: [C:\Users\zloug\.jdks\corretto-17.0.8.1\bin;C:\WINDOWS\Sun\Java\bin;C:\WINDOWS\system32;C:\WINDOWS;C:\Program Files\Common Files\Oracle\Java\javapath;C:\WINDOWS\system32;C:\WINDOWS;C:\WINDOWS\System32\Wbem;C:\WINDOWS\System32\WindowsPowerShell\v1.0\;C:\WINDOWS\System32\OpenSSH\;C:\Program Files\NVIDIA Corporation\NVIDIA NvDLISR;C:\Program Files (x86)\NVIDIA Corporation\PhysX\Common;D:\Soft\Git\Git\cmd;C:\Program Files\nodejs\;C:\Program Files (x86)\Microsoft SQL Server\160\Tools\Binn\;C:\Program Files\Microsoft SQL Server\160\Tools\Binn\;C:\Program Files\Microsoft SQL Server\Client SDK\ODBC\170\Tools\Binn\;C:\Program Files\Microsoft SQL Server\160\DTS\Binn\;C:\Program Files\dotnet\;C:\Program Files\Microsoft SQL Server\150\Tools\Binn\;C:\Program Files (x86)\Microsoft SQL Server\160\DTS\Binn\;C:\Program Files\Azure Data Studio\bin;C:\Users\zloug\AppData\Local\Microsoft\WindowsApps;D:\Soft\VS Code\Microsoft VS Code\bin;C:\Users\zloug\AppData\Roaming\npm;C:\Program Files\Java\jdk-19\bin;C:\Users\zloug\.dotnet\tools;C:\Program Files\Azure Data Studio\bin;.]
01-Nov-2023 19:33:04.949 INFO [main] org.apache.coyote.AbstractProtocol.init Инициализация ProtocolHandler ["http-nio-8080"]
01-Nov-2023 19:33:04.971 INFO [main] org.apache.catalina.startup.Catalina.load Server initialization in [702] milliseconds
01-Nov-2023 19:33:05.028 INFO [main] org.apache.catalina.core.StandardService.startInternal Starting service [Catalina]
01-Nov-2023 19:33:05.029 INFO [main] org.apache.catalina.core.StandardEngine.startInternal Starting Servlet engine: [Apache Tomcat/9.0.82]
01-Nov-2023 19:33:05.041 INFO [main] org.apache.catalina.startup.HostConfig.deployDescriptor Deploying deployment descriptor [D:\laboratory-works\third year\fifth semester\Object-oriented programming technologies\lab2\src\main\webapp\conf\Catalina\localhost\lab2.xml]
01-Nov-2023 19:33:05.619 INFO [main] org.apache.jasper.servlet.TldScanner.scanJars At least one JAR was scanned for TLDs yet contained no TLDs. Enable debug logging for this logger for a complete list of JARs that were scanned but no TLDs were found in them. Skipping unneeded JARs during scanning can improve startup time and JSP compilation time.
01-Nov-2023 19:33:05.722 INFO [main] org.apache.catalina.startup.HostConfig.deployDescriptor Deployment of deployment descriptor [D:\laboratory-works\third year\fifth semester\Object-oriented programming technologies\lab2\src\main\webapp\conf\Catalina\localhost\lab2.xml] has finished in [680] ms
01-Nov-2023 19:33:05.724 INFO [main] org.apache.coyote.AbstractProtocol.start Starting ProtocolHandler ["http-nio-8080"]
01-Nov-2023 19:33:05.760 INFO [main] org.apache.catalina.startup.Catalina.start Server startup in [789] milliseconds
01-Nov-2023 19:33:16.640 INFO [Thread-1] org.apache.coyote.AbstractProtocol.pause Pausing ProtocolHandler ["http-nio-8080"]
01-Nov-2023 19:33:16.652 INFO [Thread-1] org.apache.catalina.core.StandardService.stopInternal Stopping service [Catalina]
01-Nov-2023 19:33:16.663 INFO [Thread-1] org.apache.coyote.AbstractProtocol.stop Stopping ProtocolHandler ["http-nio-8080"]
01-Nov-2023 19:33:16.688 INFO [Thread-1] org.apache.coyote.AbstractProtocol.destroy Destroying ProtocolHandler ["http-nio-8080"]
01-Nov-2023 19:35:21.391 INFO [main] org.apache.catalina.startup.VersionLoggerListener.log Server version name:   Apache Tomcat/9.0.82
01-Nov-2023 19:35:21.398 INFO [main] org.apache.catalina.startup.VersionLoggerListener.log Server built:          Oct 11 2023 13:15:08 UTC
01-Nov-2023 19:35:21.399 INFO [main] org.apache.catalina.startup.VersionLoggerListener.log Server version number: 9.0.82.0
01-Nov-2023 19:35:21.399 INFO [main] org.apache.catalina.startup.VersionLoggerListener.log OS Name:               Windows 11
01-Nov-2023 19:35:21.399 INFO [main] org.apache.catalina.startup.VersionLoggerListener.log Версия ОС:             10.0
01-Nov-2023 19:35:21.400 INFO [main] org.apache.catalina.startup.VersionLoggerListener.log Архитектура:           amd64
01-Nov-2023 19:35:21.400 INFO [main] org.apache.catalina.startup.VersionLoggerListener.log Java Home:             C:\Users\zloug\.jdks\corretto-17.0.8.1
01-Nov-2023 19:35:21.400 INFO [main] org.apache.catalina.startup.VersionLoggerListener.log Версия JVM:            17.0.8.1+8-LTS
01-Nov-2023 19:35:21.402 INFO [main] org.apache.catalina.startup.VersionLoggerListener.log Производитель JVM:     Amazon.com Inc.
01-Nov-2023 19:35:21.402 INFO [main] org.apache.catalina.startup.VersionLoggerListener.log CATALINA_BASE:         D:\laboratory-works\third year\fifth semester\Object-oriented programming technologies\lab2\src\main\webapp
01-Nov-2023 19:35:21.402 INFO [main] org.apache.catalina.startup.VersionLoggerListener.log CATALINA_HOME:         C:\Program Files\Apache Software Foundation\Tomcat 9.0
01-Nov-2023 19:35:21.416 INFO [main] org.apache.catalina.startup.VersionLoggerListener.log Command line argument: --add-opens=java.base/java.lang=ALL-UNNAMED
01-Nov-2023 19:35:21.416 INFO [main] org.apache.catalina.startup.VersionLoggerListener.log Command line argument: --add-opens=java.base/java.io=ALL-UNNAMED
01-Nov-2023 19:35:21.416 INFO [main] org.apache.catalina.startup.VersionLoggerListener.log Command line argument: --add-opens=java.base/java.util=ALL-UNNAMED
01-Nov-2023 19:35:21.417 INFO [main] org.apache.catalina.startup.VersionLoggerListener.log Command line argument: --add-opens=java.base/java.util.concurrent=ALL-UNNAMED
01-Nov-2023 19:35:21.417 INFO [main] org.apache.catalina.startup.VersionLoggerListener.log Command line argument: --add-opens=java.rmi/sun.rmi.transport=ALL-UNNAMED
01-Nov-2023 19:35:21.417 INFO [main] org.apache.catalina.startup.VersionLoggerListener.log Command line argument: -Dcatalina.home=C:\Program Files\Apache Software Foundation\Tomcat 9.0
01-Nov-2023 19:35:21.417 INFO [main] org.apache.catalina.startup.VersionLoggerListener.log Command line argument: -Dcatalina.base=D:\laboratory-works\third year\fifth semester\Object-oriented programming technologies\lab2\src\main\webapp
01-Nov-2023 19:35:21.417 INFO [main] org.apache.catalina.startup.VersionLoggerListener.log Command line argument: -Djava.io.tmpdir=D:\laboratory-works\third year\fifth semester\Object-oriented programming technologies\lab2\src\main\webapp\temp
01-Nov-2023 19:35:21.417 INFO [main] org.apache.catalina.startup.VersionLoggerListener.log Command line argument: -Djava.util.logging.config.file=D:\laboratory-works\third year\fifth semester\Object-oriented programming technologies\lab2\src\main\webapp\conf\logging.properties
01-Nov-2023 19:35:21.417 INFO [main] org.apache.catalina.startup.VersionLoggerListener.log Command line argument: -Djava.util.logging.manager=org.apache.juli.ClassLoaderLogManager
01-Nov-2023 19:35:21.417 INFO [main] org.apache.catalina.startup.VersionLoggerListener.log Command line argument: -javaagent:D:\Soft\Intellij IDEA\IntelliJ IDEA Community Edition 2022.3.2\lib\idea_rt.jar=58758:D:\Soft\Intellij IDEA\IntelliJ IDEA Community Edition 2022.3.2\bin
01-Nov-2023 19:35:21.417 INFO [main] org.apache.catalina.startup.VersionLoggerListener.log Command line argument: -Dfile.encoding=UTF-8
01-Nov-2023 19:35:21.430 INFO [main] org.apache.catalina.core.AprLifecycleListener.lifecycleEvent The Apache Tomcat Native library which allows using OpenSSL was not found on the java.library.path: [C:\Users\zloug\.jdks\corretto-17.0.8.1\bin;C:\WINDOWS\Sun\Java\bin;C:\WINDOWS\system32;C:\WINDOWS;C:\Program Files\Common Files\Oracle\Java\javapath;C:\WINDOWS\system32;C:\WINDOWS;C:\WINDOWS\System32\Wbem;C:\WINDOWS\System32\WindowsPowerShell\v1.0\;C:\WINDOWS\System32\OpenSSH\;C:\Program Files\NVIDIA Corporation\NVIDIA NvDLISR;C:\Program Files (x86)\NVIDIA Corporation\PhysX\Common;D:\Soft\Git\Git\cmd;C:\Program Files\nodejs\;C:\Program Files (x86)\Microsoft SQL Server\160\Tools\Binn\;C:\Program Files\Microsoft SQL Server\160\Tools\Binn\;C:\Program Files\Microsoft SQL Server\Client SDK\ODBC\170\Tools\Binn\;C:\Program Files\Microsoft SQL Server\160\DTS\Binn\;C:\Program Files\dotnet\;C:\Program Files\Microsoft SQL Server\150\Tools\Binn\;C:\Program Files (x86)\Microsoft SQL Server\160\DTS\Binn\;C:\Program Files\Azure Data Studio\bin;C:\Users\zloug\AppData\Local\Microsoft\WindowsApps;D:\Soft\VS Code\Microsoft VS Code\bin;C:\Users\zloug\AppData\Roaming\npm;C:\Program Files\Java\jdk-19\bin;C:\Users\zloug\.dotnet\tools;C:\Program Files\Azure Data Studio\bin;.]
01-Nov-2023 19:35:21.856 INFO [main] org.apache.coyote.AbstractProtocol.init Инициализация ProtocolHandler ["http-nio-8080"]
01-Nov-2023 19:35:21.884 INFO [main] org.apache.catalina.startup.Catalina.load Server initialization in [812] milliseconds
01-Nov-2023 19:35:21.954 INFO [main] org.apache.catalina.core.StandardService.startInternal Starting service [Catalina]
01-Nov-2023 19:35:21.955 INFO [main] org.apache.catalina.core.StandardEngine.startInternal Starting Servlet engine: [Apache Tomcat/9.0.82]
01-Nov-2023 19:35:21.968 INFO [main] org.apache.catalina.startup.HostConfig.deployDescriptor Deploying deployment descriptor [D:\laboratory-works\third year\fifth semester\Object-oriented programming technologies\lab2\src\main\webapp\conf\Catalina\localhost\lab2.xml]
01-Nov-2023 19:35:22.686 INFO [main] org.apache.jasper.servlet.TldScanner.scanJars At least one JAR was scanned for TLDs yet contained no TLDs. Enable debug logging for this logger for a complete list of JARs that were scanned but no TLDs were found in them. Skipping unneeded JARs during scanning can improve startup time and JSP compilation time.
01-Nov-2023 19:35:22.819 INFO [main] org.apache.catalina.startup.HostConfig.deployDescriptor Deployment of deployment descriptor [D:\laboratory-works\third year\fifth semester\Object-oriented programming technologies\lab2\src\main\webapp\conf\Catalina\localhost\lab2.xml] has finished in [848] ms
01-Nov-2023 19:35:22.822 INFO [main] org.apache.coyote.AbstractProtocol.start Starting ProtocolHandler ["http-nio-8080"]
01-Nov-2023 19:35:22.862 INFO [main] org.apache.catalina.startup.Catalina.start Server startup in [976] milliseconds
01-Nov-2023 19:35:31.435 INFO [Thread-1] org.apache.coyote.AbstractProtocol.pause Pausing ProtocolHandler ["http-nio-8080"]
01-Nov-2023 19:35:31.451 INFO [Thread-1] org.apache.catalina.core.StandardService.stopInternal Stopping service [Catalina]
01-Nov-2023 19:35:31.469 INFO [Thread-1] org.apache.coyote.AbstractProtocol.stop Stopping ProtocolHandler ["http-nio-8080"]
01-Nov-2023 19:35:31.485 INFO [Thread-1] org.apache.coyote.AbstractProtocol.destroy Destroying ProtocolHandler ["http-nio-8080"]
01-Nov-2023 19:35:50.689 INFO [main] org.apache.catalina.startup.VersionLoggerListener.log Server version name:   Apache Tomcat/9.0.82
01-Nov-2023 19:35:50.693 INFO [main] org.apache.catalina.startup.VersionLoggerListener.log Server built:          Oct 11 2023 13:15:08 UTC
01-Nov-2023 19:35:50.693 INFO [main] org.apache.catalina.startup.VersionLoggerListener.log Server version number: 9.0.82.0
01-Nov-2023 19:35:50.693 INFO [main] org.apache.catalina.startup.VersionLoggerListener.log OS Name:               Windows 11
01-Nov-2023 19:35:50.693 INFO [main] org.apache.catalina.startup.VersionLoggerListener.log Версия ОС:             10.0
01-Nov-2023 19:35:50.694 INFO [main] org.apache.catalina.startup.VersionLoggerListener.log Архитектура:           amd64
01-Nov-2023 19:35:50.694 INFO [main] org.apache.catalina.startup.VersionLoggerListener.log Java Home:             C:\Users\zloug\.jdks\corretto-17.0.8.1
01-Nov-2023 19:35:50.694 INFO [main] org.apache.catalina.startup.VersionLoggerListener.log Версия JVM:            17.0.8.1+8-LTS
01-Nov-2023 19:35:50.694 INFO [main] org.apache.catalina.startup.VersionLoggerListener.log Производитель JVM:     Amazon.com Inc.
01-Nov-2023 19:35:50.694 INFO [main] org.apache.catalina.startup.VersionLoggerListener.log CATALINA_BASE:         D:\laboratory-works\third year\fifth semester\Object-oriented programming technologies\lab2\src\main\webapp
01-Nov-2023 19:35:50.694 INFO [main] org.apache.catalina.startup.VersionLoggerListener.log CATALINA_HOME:         C:\Program Files\Apache Software Foundation\Tomcat 9.0
01-Nov-2023 19:35:50.704 INFO [main] org.apache.catalina.startup.VersionLoggerListener.log Command line argument: --add-opens=java.base/java.lang=ALL-UNNAMED
01-Nov-2023 19:35:50.705 INFO [main] org.apache.catalina.startup.VersionLoggerListener.log Command line argument: --add-opens=java.base/java.io=ALL-UNNAMED
01-Nov-2023 19:35:50.705 INFO [main] org.apache.catalina.startup.VersionLoggerListener.log Command line argument: --add-opens=java.base/java.util=ALL-UNNAMED
01-Nov-2023 19:35:50.705 INFO [main] org.apache.catalina.startup.VersionLoggerListener.log Command line argument: --add-opens=java.base/java.util.concurrent=ALL-UNNAMED
01-Nov-2023 19:35:50.705 INFO [main] org.apache.catalina.startup.VersionLoggerListener.log Command line argument: --add-opens=java.rmi/sun.rmi.transport=ALL-UNNAMED
01-Nov-2023 19:35:50.705 INFO [main] org.apache.catalina.startup.VersionLoggerListener.log Command line argument: -Dcatalina.home=C:\Program Files\Apache Software Foundation\Tomcat 9.0
01-Nov-2023 19:35:50.705 INFO [main] org.apache.catalina.startup.VersionLoggerListener.log Command line argument: -Dcatalina.base=D:\laboratory-works\third year\fifth semester\Object-oriented programming technologies\lab2\src\main\webapp
01-Nov-2023 19:35:50.705 INFO [main] org.apache.catalina.startup.VersionLoggerListener.log Command line argument: -Djava.io.tmpdir=D:\laboratory-works\third year\fifth semester\Object-oriented programming technologies\lab2\src\main\webapp\temp
01-Nov-2023 19:35:50.705 INFO [main] org.apache.catalina.startup.VersionLoggerListener.log Command line argument: -Djava.util.logging.config.file=D:\laboratory-works\third year\fifth semester\Object-oriented programming technologies\lab2\src\main\webapp\conf\logging.properties
01-Nov-2023 19:35:50.705 INFO [main] org.apache.catalina.startup.VersionLoggerListener.log Command line argument: -Djava.util.logging.manager=org.apache.juli.ClassLoaderLogManager
01-Nov-2023 19:35:50.705 INFO [main] org.apache.catalina.startup.VersionLoggerListener.log Command line argument: -javaagent:D:\Soft\Intellij IDEA\IntelliJ IDEA Community Edition 2022.3.2\lib\idea_rt.jar=58777:D:\Soft\Intellij IDEA\IntelliJ IDEA Community Edition 2022.3.2\bin
01-Nov-2023 19:35:50.705 INFO [main] org.apache.catalina.startup.VersionLoggerListener.log Command line argument: -Dfile.encoding=UTF-8
01-Nov-2023 19:35:50.713 INFO [main] org.apache.catalina.core.AprLifecycleListener.lifecycleEvent The Apache Tomcat Native library which allows using OpenSSL was not found on the java.library.path: [C:\Users\zloug\.jdks\corretto-17.0.8.1\bin;C:\WINDOWS\Sun\Java\bin;C:\WINDOWS\system32;C:\WINDOWS;C:\Program Files\Common Files\Oracle\Java\javapath;C:\WINDOWS\system32;C:\WINDOWS;C:\WINDOWS\System32\Wbem;C:\WINDOWS\System32\WindowsPowerShell\v1.0\;C:\WINDOWS\System32\OpenSSH\;C:\Program Files\NVIDIA Corporation\NVIDIA NvDLISR;C:\Program Files (x86)\NVIDIA Corporation\PhysX\Common;D:\Soft\Git\Git\cmd;C:\Program Files\nodejs\;C:\Program Files (x86)\Microsoft SQL Server\160\Tools\Binn\;C:\Program Files\Microsoft SQL Server\160\Tools\Binn\;C:\Program Files\Microsoft SQL Server\Client SDK\ODBC\170\Tools\Binn\;C:\Program Files\Microsoft SQL Server\160\DTS\Binn\;C:\Program Files\dotnet\;C:\Program Files\Microsoft SQL Server\150\Tools\Binn\;C:\Program Files (x86)\Microsoft SQL Server\160\DTS\Binn\;C:\Program Files\Azure Data Studio\bin;C:\Users\zloug\AppData\Local\Microsoft\WindowsApps;D:\Soft\VS Code\Microsoft VS Code\bin;C:\Users\zloug\AppData\Roaming\npm;C:\Program Files\Java\jdk-19\bin;C:\Users\zloug\.dotnet\tools;C:\Program Files\Azure Data Studio\bin;.]
01-Nov-2023 19:35:51.063 INFO [main] org.apache.coyote.AbstractProtocol.init Инициализация ProtocolHandler ["http-nio-8080"]
01-Nov-2023 19:35:51.085 INFO [main] org.apache.catalina.startup.Catalina.load Server initialization in [621] milliseconds
01-Nov-2023 19:35:51.159 INFO [main] org.apache.catalina.core.StandardService.startInternal Starting service [Catalina]
01-Nov-2023 19:35:51.159 INFO [main] org.apache.catalina.core.StandardEngine.startInternal Starting Servlet engine: [Apache Tomcat/9.0.82]
01-Nov-2023 19:35:51.173 INFO [main] org.apache.catalina.startup.HostConfig.deployDescriptor Deploying deployment descriptor [D:\laboratory-works\third year\fifth semester\Object-oriented programming technologies\lab2\src\main\webapp\conf\Catalina\localhost\lab2.xml]
01-Nov-2023 19:35:51.732 INFO [main] org.apache.jasper.servlet.TldScanner.scanJars At least one JAR was scanned for TLDs yet contained no TLDs. Enable debug logging for this logger for a complete list of JARs that were scanned but no TLDs were found in them. Skipping unneeded JARs during scanning can improve startup time and JSP compilation time.
01-Nov-2023 19:35:51.850 INFO [main] org.apache.catalina.startup.HostConfig.deployDescriptor Deployment of deployment descriptor [D:\laboratory-works\third year\fifth semester\Object-oriented programming technologies\lab2\src\main\webapp\conf\Catalina\localhost\lab2.xml] has finished in [675] ms
01-Nov-2023 19:35:51.853 INFO [main] org.apache.coyote.AbstractProtocol.start Starting ProtocolHandler ["http-nio-8080"]
01-Nov-2023 19:35:51.893 INFO [main] org.apache.catalina.startup.Catalina.start Server startup in [806] milliseconds
01-Nov-2023 19:35:54.286 INFO [Thread-1] org.apache.coyote.AbstractProtocol.pause Pausing ProtocolHandler ["http-nio-8080"]
01-Nov-2023 19:35:54.297 INFO [Thread-1] org.apache.catalina.core.StandardService.stopInternal Stopping service [Catalina]
01-Nov-2023 19:35:54.307 INFO [Thread-1] org.apache.coyote.AbstractProtocol.stop Stopping ProtocolHandler ["http-nio-8080"]
01-Nov-2023 19:35:54.311 INFO [Thread-1] org.apache.coyote.AbstractProtocol.destroy Destroying ProtocolHandler ["http-nio-8080"]
01-Nov-2023 19:36:15.807 INFO [main] org.apache.catalina.startup.VersionLoggerListener.log Server version name:   Apache Tomcat/9.0.82
01-Nov-2023 19:36:15.814 INFO [main] org.apache.catalina.startup.VersionLoggerListener.log Server built:          Oct 11 2023 13:15:08 UTC
01-Nov-2023 19:36:15.814 INFO [main] org.apache.catalina.startup.VersionLoggerListener.log Server version number: 9.0.82.0
01-Nov-2023 19:36:15.815 INFO [main] org.apache.catalina.startup.VersionLoggerListener.log OS Name:               Windows 11
01-Nov-2023 19:36:15.815 INFO [main] org.apache.catalina.startup.VersionLoggerListener.log Версия ОС:             10.0
01-Nov-2023 19:36:15.816 INFO [main] org.apache.catalina.startup.VersionLoggerListener.log Архитектура:           amd64
01-Nov-2023 19:36:15.816 INFO [main] org.apache.catalina.startup.VersionLoggerListener.log Java Home:             C:\Users\zloug\.jdks\corretto-17.0.8.1
01-Nov-2023 19:36:15.816 INFO [main] org.apache.catalina.startup.VersionLoggerListener.log Версия JVM:            17.0.8.1+8-LTS
01-Nov-2023 19:36:15.816 INFO [main] org.apache.catalina.startup.VersionLoggerListener.log Производитель JVM:     Amazon.com Inc.
01-Nov-2023 19:36:15.817 INFO [main] org.apache.catalina.startup.VersionLoggerListener.log CATALINA_BASE:         D:\laboratory-works\third year\fifth semester\Object-oriented programming technologies\lab2\src\main\webapp
01-Nov-2023 19:36:15.817 INFO [main] org.apache.catalina.startup.VersionLoggerListener.log CATALINA_HOME:         C:\Program Files\Apache Software Foundation\Tomcat 9.0
01-Nov-2023 19:36:15.831 INFO [main] org.apache.catalina.startup.VersionLoggerListener.log Command line argument: --add-opens=java.base/java.lang=ALL-UNNAMED
01-Nov-2023 19:36:15.831 INFO [main] org.apache.catalina.startup.VersionLoggerListener.log Command line argument: --add-opens=java.base/java.io=ALL-UNNAMED
01-Nov-2023 19:36:15.831 INFO [main] org.apache.catalina.startup.VersionLoggerListener.log Command line argument: --add-opens=java.base/java.util=ALL-UNNAMED
01-Nov-2023 19:36:15.831 INFO [main] org.apache.catalina.startup.VersionLoggerListener.log Command line argument: --add-opens=java.base/java.util.concurrent=ALL-UNNAMED
01-Nov-2023 19:36:15.832 INFO [main] org.apache.catalina.startup.VersionLoggerListener.log Command line argument: --add-opens=java.rmi/sun.rmi.transport=ALL-UNNAMED
01-Nov-2023 19:36:15.832 INFO [main] org.apache.catalina.startup.VersionLoggerListener.log Command line argument: -Dcatalina.home=C:\Program Files\Apache Software Foundation\Tomcat 9.0
01-Nov-2023 19:36:15.833 INFO [main] org.apache.catalina.startup.VersionLoggerListener.log Command line argument: -Dcatalina.base=D:\laboratory-works\third year\fifth semester\Object-oriented programming technologies\lab2\src\main\webapp
01-Nov-2023 19:36:15.833 INFO [main] org.apache.catalina.startup.VersionLoggerListener.log Command line argument: -Djava.io.tmpdir=D:\laboratory-works\third year\fifth semester\Object-oriented programming technologies\lab2\src\main\webapp\temp
01-Nov-2023 19:36:15.833 INFO [main] org.apache.catalina.startup.VersionLoggerListener.log Command line argument: -Djava.util.logging.config.file=D:\laboratory-works\third year\fifth semester\Object-oriented programming technologies\lab2\src\main\webapp\conf\logging.properties
01-Nov-2023 19:36:15.833 INFO [main] org.apache.catalina.startup.VersionLoggerListener.log Command line argument: -Djava.util.logging.manager=org.apache.juli.ClassLoaderLogManager
01-Nov-2023 19:36:15.834 INFO [main] org.apache.catalina.startup.VersionLoggerListener.log Command line argument: -javaagent:D:\Soft\Intellij IDEA\IntelliJ IDEA Community Edition 2022.3.2\lib\idea_rt.jar=58797:D:\Soft\Intellij IDEA\IntelliJ IDEA Community Edition 2022.3.2\bin
01-Nov-2023 19:36:15.834 INFO [main] org.apache.catalina.startup.VersionLoggerListener.log Command line argument: -Dfile.encoding=UTF-8
01-Nov-2023 19:36:15.847 INFO [main] org.apache.catalina.core.AprLifecycleListener.lifecycleEvent The Apache Tomcat Native library which allows using OpenSSL was not found on the java.library.path: [C:\Users\zloug\.jdks\corretto-17.0.8.1\bin;C:\WINDOWS\Sun\Java\bin;C:\WINDOWS\system32;C:\WINDOWS;C:\Program Files\Common Files\Oracle\Java\javapath;C:\WINDOWS\system32;C:\WINDOWS;C:\WINDOWS\System32\Wbem;C:\WINDOWS\System32\WindowsPowerShell\v1.0\;C:\WINDOWS\System32\OpenSSH\;C:\Program Files\NVIDIA Corporation\NVIDIA NvDLISR;C:\Program Files (x86)\NVIDIA Corporation\PhysX\Common;D:\Soft\Git\Git\cmd;C:\Program Files\nodejs\;C:\Program Files (x86)\Microsoft SQL Server\160\Tools\Binn\;C:\Program Files\Microsoft SQL Server\160\Tools\Binn\;C:\Program Files\Microsoft SQL Server\Client SDK\ODBC\170\Tools\Binn\;C:\Program Files\Microsoft SQL Server\160\DTS\Binn\;C:\Program Files\dotnet\;C:\Program Files\Microsoft SQL Server\150\Tools\Binn\;C:\Program Files (x86)\Microsoft SQL Server\160\DTS\Binn\;C:\Program Files\Azure Data Studio\bin;C:\Users\zloug\AppData\Local\Microsoft\WindowsApps;D:\Soft\VS Code\Microsoft VS Code\bin;C:\Users\zloug\AppData\Roaming\npm;C:\Program Files\Java\jdk-19\bin;C:\Users\zloug\.dotnet\tools;C:\Program Files\Azure Data Studio\bin;.]
01-Nov-2023 19:36:16.260 INFO [main] org.apache.coyote.AbstractProtocol.init Инициализация ProtocolHandler ["http-nio-8080"]
01-Nov-2023 19:36:16.281 INFO [main] org.apache.catalina.startup.Catalina.load Server initialization in [736] milliseconds
01-Nov-2023 19:36:16.343 INFO [main] org.apache.catalina.core.StandardService.startInternal Starting service [Catalina]
01-Nov-2023 19:36:16.344 INFO [main] org.apache.catalina.core.StandardEngine.startInternal Starting Servlet engine: [Apache Tomcat/9.0.82]
01-Nov-2023 19:36:16.354 INFO [main] org.apache.catalina.startup.HostConfig.deployDescriptor Deploying deployment descriptor [D:\laboratory-works\third year\fifth semester\Object-oriented programming technologies\lab2\src\main\webapp\conf\Catalina\localhost\lab2.xml]
01-Nov-2023 19:36:16.952 INFO [main] org.apache.jasper.servlet.TldScanner.scanJars At least one JAR was scanned for TLDs yet contained no TLDs. Enable debug logging for this logger for a complete list of JARs that were scanned but no TLDs were found in them. Skipping unneeded JARs during scanning can improve startup time and JSP compilation time.
01-Nov-2023 19:36:17.053 INFO [main] org.apache.catalina.startup.HostConfig.deployDescriptor Deployment of deployment descriptor [D:\laboratory-works\third year\fifth semester\Object-oriented programming technologies\lab2\src\main\webapp\conf\Catalina\localhost\lab2.xml] has finished in [697] ms
01-Nov-2023 19:36:17.056 INFO [main] org.apache.coyote.AbstractProtocol.start Starting ProtocolHandler ["http-nio-8080"]
01-Nov-2023 19:36:17.094 INFO [main] org.apache.catalina.startup.Catalina.start Server startup in [813] milliseconds
01-Nov-2023 19:36:23.544 INFO [Thread-1] org.apache.coyote.AbstractProtocol.pause Pausing ProtocolHandler ["http-nio-8080"]
01-Nov-2023 19:36:23.557 INFO [Thread-1] org.apache.catalina.core.StandardService.stopInternal Stopping service [Catalina]
01-Nov-2023 19:36:23.568 INFO [Thread-1] org.apache.coyote.AbstractProtocol.stop Stopping ProtocolHandler ["http-nio-8080"]
01-Nov-2023 19:36:23.571 INFO [Thread-1] org.apache.coyote.AbstractProtocol.destroy Destroying ProtocolHandler ["http-nio-8080"]
