15-Oct-2023 23:16:55.013 INFO [main] org.apache.catalina.startup.VersionLoggerListener.log Server version name:   Apache Tomcat/9.0.82
15-Oct-2023 23:16:55.018 INFO [main] org.apache.catalina.startup.VersionLoggerListener.log Server built:          Oct 11 2023 13:15:08 UTC
15-Oct-2023 23:16:55.019 INFO [main] org.apache.catalina.startup.VersionLoggerListener.log Server version number: 9.0.82.0
15-Oct-2023 23:16:55.019 INFO [main] org.apache.catalina.startup.VersionLoggerListener.log OS Name:               Windows 11
15-Oct-2023 23:16:55.019 INFO [main] org.apache.catalina.startup.VersionLoggerListener.log Версия ОС:             10.0
15-Oct-2023 23:16:55.019 INFO [main] org.apache.catalina.startup.VersionLoggerListener.log Архитектура:           amd64
15-Oct-2023 23:16:55.019 INFO [main] org.apache.catalina.startup.VersionLoggerListener.log Java Home:             C:\Program Files\Java\jdk-19
15-Oct-2023 23:16:55.019 INFO [main] org.apache.catalina.startup.VersionLoggerListener.log Версия JVM:            19.0.2+7-44
15-Oct-2023 23:16:55.019 INFO [main] org.apache.catalina.startup.VersionLoggerListener.log Производитель JVM:     Oracle Corporation
15-Oct-2023 23:16:55.020 INFO [main] org.apache.catalina.startup.VersionLoggerListener.log CATALINA_BASE:         D:\laboratory-works\third year\fifth semester\Object-oriented programming technologies\lab2\src\main\webapp
15-Oct-2023 23:16:55.020 INFO [main] org.apache.catalina.startup.VersionLoggerListener.log CATALINA_HOME:         C:\Program Files\Apache Software Foundation\Tomcat 9.0
15-Oct-2023 23:16:55.032 INFO [main] org.apache.catalina.startup.VersionLoggerListener.log Command line argument: --add-opens=java.base/java.lang=ALL-UNNAMED
15-Oct-2023 23:16:55.032 INFO [main] org.apache.catalina.startup.VersionLoggerListener.log Command line argument: --add-opens=java.base/java.io=ALL-UNNAMED
15-Oct-2023 23:16:55.032 INFO [main] org.apache.catalina.startup.VersionLoggerListener.log Command line argument: --add-opens=java.base/java.util=ALL-UNNAMED
15-Oct-2023 23:16:55.032 INFO [main] org.apache.catalina.startup.VersionLoggerListener.log Command line argument: --add-opens=java.base/java.util.concurrent=ALL-UNNAMED
15-Oct-2023 23:16:55.032 INFO [main] org.apache.catalina.startup.VersionLoggerListener.log Command line argument: --add-opens=java.rmi/sun.rmi.transport=ALL-UNNAMED
15-Oct-2023 23:16:55.032 INFO [main] org.apache.catalina.startup.VersionLoggerListener.log Command line argument: -Dcatalina.home=C:\Program Files\Apache Software Foundation\Tomcat 9.0
15-Oct-2023 23:16:55.032 INFO [main] org.apache.catalina.startup.VersionLoggerListener.log Command line argument: -Dcatalina.base=D:\laboratory-works\third year\fifth semester\Object-oriented programming technologies\lab2\src\main\webapp
15-Oct-2023 23:16:55.032 INFO [main] org.apache.catalina.startup.VersionLoggerListener.log Command line argument: -Djava.io.tmpdir=D:\laboratory-works\third year\fifth semester\Object-oriented programming technologies\lab2\src\main\webapp\temp
15-Oct-2023 23:16:55.032 INFO [main] org.apache.catalina.startup.VersionLoggerListener.log Command line argument: -Djava.util.logging.config.file=D:\laboratory-works\third year\fifth semester\Object-oriented programming technologies\lab2\src\main\webapp\conf\logging.properties
15-Oct-2023 23:16:55.033 INFO [main] org.apache.catalina.startup.VersionLoggerListener.log Command line argument: -Djava.util.logging.manager=org.apache.juli.ClassLoaderLogManager
15-Oct-2023 23:16:55.033 INFO [main] org.apache.catalina.startup.VersionLoggerListener.log Command line argument: -javaagent:D:\Soft\Intellij IDEA\IntelliJ IDEA Community Edition 2022.3.2\lib\idea_rt.jar=49878:D:\Soft\Intellij IDEA\IntelliJ IDEA Community Edition 2022.3.2\bin
15-Oct-2023 23:16:55.033 INFO [main] org.apache.catalina.startup.VersionLoggerListener.log Command line argument: -Dfile.encoding=UTF-8
15-Oct-2023 23:16:55.033 INFO [main] org.apache.catalina.startup.VersionLoggerListener.log Command line argument: -Dsun.stdout.encoding=UTF-8
15-Oct-2023 23:16:55.033 INFO [main] org.apache.catalina.startup.VersionLoggerListener.log Command line argument: -Dsun.stderr.encoding=UTF-8
15-Oct-2023 23:16:55.044 INFO [main] org.apache.catalina.core.AprLifecycleListener.lifecycleEvent The Apache Tomcat Native library which allows using OpenSSL was not found on the java.library.path: [C:\Program Files\Java\jdk-19\bin;C:\WINDOWS\Sun\Java\bin;C:\WINDOWS\system32;C:\WINDOWS;C:\Program Files\Common Files\Oracle\Java\javapath;C:\WINDOWS\system32;C:\WINDOWS;C:\WINDOWS\System32\Wbem;C:\WINDOWS\System32\WindowsPowerShell\v1.0\;C:\WINDOWS\System32\OpenSSH\;C:\Program Files\NVIDIA Corporation\NVIDIA NvDLISR;C:\Program Files (x86)\NVIDIA Corporation\PhysX\Common;D:\Soft\Git\Git\cmd;C:\Program Files\nodejs\;C:\Program Files (x86)\Microsoft SQL Server\160\Tools\Binn\;C:\Program Files\Microsoft SQL Server\160\Tools\Binn\;C:\Program Files\Microsoft SQL Server\Client SDK\ODBC\170\Tools\Binn\;C:\Program Files\Microsoft SQL Server\160\DTS\Binn\;C:\Program Files\dotnet\;C:\Program Files\Microsoft SQL Server\150\Tools\Binn\;C:\Program Files (x86)\Microsoft SQL Server\160\DTS\Binn\;C:\Program Files\Azure Data Studio\bin;C:\Users\zloug\AppData\Local\Microsoft\WindowsApps;D:\Soft\VS Code\Microsoft VS Code\bin;C:\Users\zloug\AppData\Roaming\npm;C:\Program Files\Java\jdk-19\bin;C:\Users\zloug\.dotnet\tools;C:\Program Files\Azure Data Studio\bin;.]
15-Oct-2023 23:16:55.480 INFO [main] org.apache.coyote.AbstractProtocol.init Инициализация ProtocolHandler ["http-nio-8080"]
15-Oct-2023 23:16:55.521 INFO [main] org.apache.catalina.startup.Catalina.load Server initialization in [816] milliseconds
15-Oct-2023 23:16:55.632 INFO [main] org.apache.catalina.core.StandardService.startInternal Starting service [Catalina]
15-Oct-2023 23:16:55.633 INFO [main] org.apache.catalina.core.StandardEngine.startInternal Starting Servlet engine: [Apache Tomcat/9.0.82]
15-Oct-2023 23:16:55.654 INFO [main] org.apache.catalina.startup.HostConfig.deployDescriptor Deploying deployment descriptor [D:\laboratory-works\third year\fifth semester\Object-oriented programming technologies\lab2\src\main\webapp\conf\Catalina\localhost\lab2.xml]
15-Oct-2023 23:16:56.086 INFO [main] org.apache.catalina.startup.HostConfig.deployDescriptor Deployment of deployment descriptor [D:\laboratory-works\third year\fifth semester\Object-oriented programming technologies\lab2\src\main\webapp\conf\Catalina\localhost\lab2.xml] has finished in [428] ms
15-Oct-2023 23:16:56.091 INFO [main] org.apache.coyote.AbstractProtocol.start Starting ProtocolHandler ["http-nio-8080"]
15-Oct-2023 23:16:56.125 INFO [main] org.apache.catalina.startup.Catalina.start Server startup in [602] milliseconds
15-Oct-2023 23:20:40.338 INFO [Thread-1] org.apache.coyote.AbstractProtocol.pause Pausing ProtocolHandler ["http-nio-8080"]
15-Oct-2023 23:20:40.351 INFO [Thread-1] org.apache.catalina.core.StandardService.stopInternal Stopping service [Catalina]
15-Oct-2023 23:20:40.371 INFO [Thread-1] org.apache.coyote.AbstractProtocol.stop Stopping ProtocolHandler ["http-nio-8080"]
15-Oct-2023 23:20:40.385 INFO [Thread-1] org.apache.coyote.AbstractProtocol.destroy Destroying ProtocolHandler ["http-nio-8080"]
