09-Nov-2023 01:15:23.247 INFO [main] org.apache.catalina.startup.VersionLoggerListener.log Server version name:   Apache Tomcat/9.0.82
09-Nov-2023 01:15:23.251 INFO [main] org.apache.catalina.startup.VersionLoggerListener.log Server built:          Oct 11 2023 13:15:08 UTC
09-Nov-2023 01:15:23.251 INFO [main] org.apache.catalina.startup.VersionLoggerListener.log Server version number: 9.0.82.0
09-Nov-2023 01:15:23.251 INFO [main] org.apache.catalina.startup.VersionLoggerListener.log OS Name:               Windows 11
09-Nov-2023 01:15:23.252 INFO [main] org.apache.catalina.startup.VersionLoggerListener.log Версия ОС:             10.0
09-Nov-2023 01:15:23.252 INFO [main] org.apache.catalina.startup.VersionLoggerListener.log Архитектура:           amd64
09-Nov-2023 01:15:23.252 INFO [main] org.apache.catalina.startup.VersionLoggerListener.log Java Home:             C:\Users\zloug\.jdks\corretto-17.0.8.1
09-Nov-2023 01:15:23.252 INFO [main] org.apache.catalina.startup.VersionLoggerListener.log Версия JVM:            17.0.8.1+8-LTS
09-Nov-2023 01:15:23.252 INFO [main] org.apache.catalina.startup.VersionLoggerListener.log Производитель JVM:     Amazon.com Inc.
09-Nov-2023 01:15:23.252 INFO [main] org.apache.catalina.startup.VersionLoggerListener.log CATALINA_BASE:         D:\laboratory-works\third year\fifth semester\Object-oriented programming technologies\lab2\src\main\webapp
09-Nov-2023 01:15:23.252 INFO [main] org.apache.catalina.startup.VersionLoggerListener.log CATALINA_HOME:         C:\Program Files\Apache Software Foundation\Tomcat 9.0
09-Nov-2023 01:15:23.261 INFO [main] org.apache.catalina.startup.VersionLoggerListener.log Command line argument: --add-opens=java.base/java.lang=ALL-UNNAMED
09-Nov-2023 01:15:23.261 INFO [main] org.apache.catalina.startup.VersionLoggerListener.log Command line argument: --add-opens=java.base/java.io=ALL-UNNAMED
09-Nov-2023 01:15:23.262 INFO [main] org.apache.catalina.startup.VersionLoggerListener.log Command line argument: --add-opens=java.base/java.util=ALL-UNNAMED
09-Nov-2023 01:15:23.262 INFO [main] org.apache.catalina.startup.VersionLoggerListener.log Command line argument: --add-opens=java.base/java.util.concurrent=ALL-UNNAMED
09-Nov-2023 01:15:23.262 INFO [main] org.apache.catalina.startup.VersionLoggerListener.log Command line argument: --add-opens=java.rmi/sun.rmi.transport=ALL-UNNAMED
09-Nov-2023 01:15:23.262 INFO [main] org.apache.catalina.startup.VersionLoggerListener.log Command line argument: -Dcatalina.home=C:\Program Files\Apache Software Foundation\Tomcat 9.0
09-Nov-2023 01:15:23.262 INFO [main] org.apache.catalina.startup.VersionLoggerListener.log Command line argument: -Dcatalina.base=D:\laboratory-works\third year\fifth semester\Object-oriented programming technologies\lab2\src\main\webapp
09-Nov-2023 01:15:23.262 INFO [main] org.apache.catalina.startup.VersionLoggerListener.log Command line argument: -Djava.io.tmpdir=D:\laboratory-works\third year\fifth semester\Object-oriented programming technologies\lab2\src\main\webapp\temp
09-Nov-2023 01:15:23.262 INFO [main] org.apache.catalina.startup.VersionLoggerListener.log Command line argument: -Djava.util.logging.config.file=D:\laboratory-works\third year\fifth semester\Object-oriented programming technologies\lab2\src\main\webapp\conf\logging.properties
09-Nov-2023 01:15:23.262 INFO [main] org.apache.catalina.startup.VersionLoggerListener.log Command line argument: -Djava.util.logging.manager=org.apache.juli.ClassLoaderLogManager
09-Nov-2023 01:15:23.262 INFO [main] org.apache.catalina.startup.VersionLoggerListener.log Command line argument: -javaagent:D:\Soft\Intellij IDEA\IntelliJ IDEA Community Edition 2022.3.2\lib\idea_rt.jar=50855:D:\Soft\Intellij IDEA\IntelliJ IDEA Community Edition 2022.3.2\bin
09-Nov-2023 01:15:23.262 INFO [main] org.apache.catalina.startup.VersionLoggerListener.log Command line argument: -Dfile.encoding=UTF-8
09-Nov-2023 01:15:23.270 INFO [main] org.apache.catalina.core.AprLifecycleListener.lifecycleEvent The Apache Tomcat Native library which allows using OpenSSL was not found on the java.library.path: [C:\Users\zloug\.jdks\corretto-17.0.8.1\bin;C:\WINDOWS\Sun\Java\bin;C:\WINDOWS\system32;C:\WINDOWS;C:\Program Files\Common Files\Oracle\Java\javapath;C:\WINDOWS\system32;C:\WINDOWS;C:\WINDOWS\System32\Wbem;C:\WINDOWS\System32\WindowsPowerShell\v1.0\;C:\WINDOWS\System32\OpenSSH\;C:\Program Files\NVIDIA Corporation\NVIDIA NvDLISR;C:\Program Files (x86)\NVIDIA Corporation\PhysX\Common;D:\Soft\Git\Git\cmd;C:\Program Files\nodejs\;C:\Program Files (x86)\Microsoft SQL Server\160\Tools\Binn\;C:\Program Files\Microsoft SQL Server\160\Tools\Binn\;C:\Program Files\Microsoft SQL Server\Client SDK\ODBC\170\Tools\Binn\;C:\Program Files\Microsoft SQL Server\160\DTS\Binn\;C:\Program Files\dotnet\;C:\Program Files\Microsoft SQL Server\150\Tools\Binn\;C:\Program Files (x86)\Microsoft SQL Server\160\DTS\Binn\;C:\Program Files\Azure Data Studio\bin;C:\Users\zloug\AppData\Local\Microsoft\WindowsApps;D:\Soft\VS Code\Microsoft VS Code\bin;C:\Users\zloug\AppData\Roaming\npm;C:\Program Files\Java\jdk-19\bin;C:\Users\zloug\.dotnet\tools;C:\Program Files\Azure Data Studio\bin;.]
09-Nov-2023 01:15:23.530 INFO [main] org.apache.coyote.AbstractProtocol.init Инициализация ProtocolHandler ["http-nio-8080"]
09-Nov-2023 01:15:23.551 INFO [main] org.apache.catalina.startup.Catalina.load Server initialization in [526] milliseconds
09-Nov-2023 01:15:23.606 INFO [main] org.apache.catalina.core.StandardService.startInternal Starting service [Catalina]
09-Nov-2023 01:15:23.606 INFO [main] org.apache.catalina.core.StandardEngine.startInternal Starting Servlet engine: [Apache Tomcat/9.0.82]
09-Nov-2023 01:15:23.616 INFO [main] org.apache.catalina.startup.HostConfig.deployDescriptor Deploying deployment descriptor [D:\laboratory-works\third year\fifth semester\Object-oriented programming technologies\lab2\src\main\webapp\conf\Catalina\localhost\lab2.xml]
09-Nov-2023 01:15:24.202 INFO [main] org.apache.jasper.servlet.TldScanner.scanJars At least one JAR was scanned for TLDs yet contained no TLDs. Enable debug logging for this logger for a complete list of JARs that were scanned but no TLDs were found in them. Skipping unneeded JARs during scanning can improve startup time and JSP compilation time.
09-Nov-2023 01:15:24.308 INFO [main] org.apache.catalina.startup.HostConfig.deployDescriptor Deployment of deployment descriptor [D:\laboratory-works\third year\fifth semester\Object-oriented programming technologies\lab2\src\main\webapp\conf\Catalina\localhost\lab2.xml] has finished in [691] ms
09-Nov-2023 01:15:24.311 INFO [main] org.apache.coyote.AbstractProtocol.start Starting ProtocolHandler ["http-nio-8080"]
09-Nov-2023 01:15:24.344 INFO [main] org.apache.catalina.startup.Catalina.start Server startup in [792] milliseconds
09-Nov-2023 01:15:40.874 INFO [Thread-1] org.apache.coyote.AbstractProtocol.pause Pausing ProtocolHandler ["http-nio-8080"]
09-Nov-2023 01:15:40.882 INFO [Thread-1] org.apache.catalina.core.StandardService.stopInternal Stopping service [Catalina]
09-Nov-2023 01:15:40.889 WARNING [Thread-1] org.apache.catalina.loader.WebappClassLoaderBase.clearReferencesJdbc The web application [lab2] registered the JDBC driver [com.mysql.jdbc.Driver] but failed to unregister it when the web application was stopped. To prevent a memory leak, the JDBC Driver has been forcibly unregistered.
09-Nov-2023 01:15:40.892 INFO [Thread-1] org.apache.coyote.AbstractProtocol.stop Stopping ProtocolHandler ["http-nio-8080"]
09-Nov-2023 01:15:40.905 INFO [Thread-1] org.apache.coyote.AbstractProtocol.destroy Destroying ProtocolHandler ["http-nio-8080"]
09-Nov-2023 17:56:34.854 INFO [main] org.apache.catalina.startup.VersionLoggerListener.log Server version name:   Apache Tomcat/9.0.82
09-Nov-2023 17:56:34.858 INFO [main] org.apache.catalina.startup.VersionLoggerListener.log Server built:          Oct 11 2023 13:15:08 UTC
09-Nov-2023 17:56:34.859 INFO [main] org.apache.catalina.startup.VersionLoggerListener.log Server version number: 9.0.82.0
09-Nov-2023 17:56:34.859 INFO [main] org.apache.catalina.startup.VersionLoggerListener.log OS Name:               Windows 11
09-Nov-2023 17:56:34.859 INFO [main] org.apache.catalina.startup.VersionLoggerListener.log Версия ОС:             10.0
09-Nov-2023 17:56:34.859 INFO [main] org.apache.catalina.startup.VersionLoggerListener.log Архитектура:           amd64
09-Nov-2023 17:56:34.859 INFO [main] org.apache.catalina.startup.VersionLoggerListener.log Java Home:             C:\Users\zloug\.jdks\corretto-17.0.8.1
09-Nov-2023 17:56:34.860 INFO [main] org.apache.catalina.startup.VersionLoggerListener.log Версия JVM:            17.0.8.1+8-LTS
09-Nov-2023 17:56:34.860 INFO [main] org.apache.catalina.startup.VersionLoggerListener.log Производитель JVM:     Amazon.com Inc.
09-Nov-2023 17:56:34.860 INFO [main] org.apache.catalina.startup.VersionLoggerListener.log CATALINA_BASE:         D:\laboratory-works\third year\fifth semester\Object-oriented programming technologies\lab2\src\main\webapp
09-Nov-2023 17:56:34.860 INFO [main] org.apache.catalina.startup.VersionLoggerListener.log CATALINA_HOME:         C:\Program Files\Apache Software Foundation\Tomcat 9.0
09-Nov-2023 17:56:34.868 INFO [main] org.apache.catalina.startup.VersionLoggerListener.log Command line argument: --add-opens=java.base/java.lang=ALL-UNNAMED
09-Nov-2023 17:56:34.868 INFO [main] org.apache.catalina.startup.VersionLoggerListener.log Command line argument: --add-opens=java.base/java.io=ALL-UNNAMED
09-Nov-2023 17:56:34.868 INFO [main] org.apache.catalina.startup.VersionLoggerListener.log Command line argument: --add-opens=java.base/java.util=ALL-UNNAMED
09-Nov-2023 17:56:34.868 INFO [main] org.apache.catalina.startup.VersionLoggerListener.log Command line argument: --add-opens=java.base/java.util.concurrent=ALL-UNNAMED
09-Nov-2023 17:56:34.868 INFO [main] org.apache.catalina.startup.VersionLoggerListener.log Command line argument: --add-opens=java.rmi/sun.rmi.transport=ALL-UNNAMED
09-Nov-2023 17:56:34.869 INFO [main] org.apache.catalina.startup.VersionLoggerListener.log Command line argument: -Dcatalina.home=C:\Program Files\Apache Software Foundation\Tomcat 9.0
09-Nov-2023 17:56:34.869 INFO [main] org.apache.catalina.startup.VersionLoggerListener.log Command line argument: -Dcatalina.base=D:\laboratory-works\third year\fifth semester\Object-oriented programming technologies\lab2\src\main\webapp
09-Nov-2023 17:56:34.869 INFO [main] org.apache.catalina.startup.VersionLoggerListener.log Command line argument: -Djava.io.tmpdir=D:\laboratory-works\third year\fifth semester\Object-oriented programming technologies\lab2\src\main\webapp\temp
09-Nov-2023 17:56:34.869 INFO [main] org.apache.catalina.startup.VersionLoggerListener.log Command line argument: -Djava.util.logging.config.file=D:\laboratory-works\third year\fifth semester\Object-oriented programming technologies\lab2\src\main\webapp\conf\logging.properties
09-Nov-2023 17:56:34.869 INFO [main] org.apache.catalina.startup.VersionLoggerListener.log Command line argument: -Djava.util.logging.manager=org.apache.juli.ClassLoaderLogManager
09-Nov-2023 17:56:34.869 INFO [main] org.apache.catalina.startup.VersionLoggerListener.log Command line argument: -javaagent:D:\Soft\Intellij IDEA\IntelliJ IDEA Community Edition 2022.3.2\lib\idea_rt.jar=56727:D:\Soft\Intellij IDEA\IntelliJ IDEA Community Edition 2022.3.2\bin
09-Nov-2023 17:56:34.869 INFO [main] org.apache.catalina.startup.VersionLoggerListener.log Command line argument: -Dfile.encoding=UTF-8
09-Nov-2023 17:56:34.878 INFO [main] org.apache.catalina.core.AprLifecycleListener.lifecycleEvent The Apache Tomcat Native library which allows using OpenSSL was not found on the java.library.path: [C:\Users\zloug\.jdks\corretto-17.0.8.1\bin;C:\WINDOWS\Sun\Java\bin;C:\WINDOWS\system32;C:\WINDOWS;C:\Program Files\Common Files\Oracle\Java\javapath;C:\WINDOWS\system32;C:\WINDOWS;C:\WINDOWS\System32\Wbem;C:\WINDOWS\System32\WindowsPowerShell\v1.0\;C:\WINDOWS\System32\OpenSSH\;C:\Program Files\NVIDIA Corporation\NVIDIA NvDLISR;C:\Program Files (x86)\NVIDIA Corporation\PhysX\Common;D:\Soft\Git\Git\cmd;C:\Program Files\nodejs\;C:\Program Files (x86)\Microsoft SQL Server\160\Tools\Binn\;C:\Program Files\Microsoft SQL Server\160\Tools\Binn\;C:\Program Files\Microsoft SQL Server\Client SDK\ODBC\170\Tools\Binn\;C:\Program Files\Microsoft SQL Server\160\DTS\Binn\;C:\Program Files\dotnet\;C:\Program Files\Microsoft SQL Server\150\Tools\Binn\;C:\Program Files (x86)\Microsoft SQL Server\160\DTS\Binn\;C:\Program Files\Azure Data Studio\bin;C:\Users\zloug\AppData\Local\Microsoft\WindowsApps;D:\Soft\VS Code\Microsoft VS Code\bin;C:\Users\zloug\AppData\Roaming\npm;C:\Program Files\Java\jdk-19\bin;C:\Users\zloug\.dotnet\tools;C:\Program Files\Azure Data Studio\bin;.]
09-Nov-2023 17:56:35.165 INFO [main] org.apache.coyote.AbstractProtocol.init Инициализация ProtocolHandler ["http-nio-8080"]
09-Nov-2023 17:56:35.186 INFO [main] org.apache.catalina.startup.Catalina.load Server initialization in [579] milliseconds
09-Nov-2023 17:56:35.249 INFO [main] org.apache.catalina.core.StandardService.startInternal Starting service [Catalina]
09-Nov-2023 17:56:35.249 INFO [main] org.apache.catalina.core.StandardEngine.startInternal Starting Servlet engine: [Apache Tomcat/9.0.82]
09-Nov-2023 17:56:35.259 INFO [main] org.apache.catalina.startup.HostConfig.deployDescriptor Deploying deployment descriptor [D:\laboratory-works\third year\fifth semester\Object-oriented programming technologies\lab2\src\main\webapp\conf\Catalina\localhost\lab2.xml]
09-Nov-2023 17:56:35.904 INFO [main] org.apache.jasper.servlet.TldScanner.scanJars At least one JAR was scanned for TLDs yet contained no TLDs. Enable debug logging for this logger for a complete list of JARs that were scanned but no TLDs were found in them. Skipping unneeded JARs during scanning can improve startup time and JSP compilation time.
09-Nov-2023 17:56:36.011 INFO [main] org.apache.catalina.startup.HostConfig.deployDescriptor Deployment of deployment descriptor [D:\laboratory-works\third year\fifth semester\Object-oriented programming technologies\lab2\src\main\webapp\conf\Catalina\localhost\lab2.xml] has finished in [750] ms
09-Nov-2023 17:56:36.015 INFO [main] org.apache.coyote.AbstractProtocol.start Starting ProtocolHandler ["http-nio-8080"]
09-Nov-2023 17:56:36.050 INFO [main] org.apache.catalina.startup.Catalina.start Server startup in [862] milliseconds
09-Nov-2023 18:11:20.859 INFO [Thread-1] org.apache.coyote.AbstractProtocol.pause Pausing ProtocolHandler ["http-nio-8080"]
09-Nov-2023 18:11:20.869 INFO [Thread-1] org.apache.catalina.core.StandardService.stopInternal Stopping service [Catalina]
09-Nov-2023 18:11:20.875 WARNING [Thread-1] org.apache.catalina.loader.WebappClassLoaderBase.clearReferencesJdbc The web application [lab2] registered the JDBC driver [com.mysql.jdbc.Driver] but failed to unregister it when the web application was stopped. To prevent a memory leak, the JDBC Driver has been forcibly unregistered.
09-Nov-2023 18:11:20.879 INFO [Thread-1] org.apache.coyote.AbstractProtocol.stop Stopping ProtocolHandler ["http-nio-8080"]
09-Nov-2023 18:11:20.883 INFO [Thread-1] org.apache.coyote.AbstractProtocol.destroy Destroying ProtocolHandler ["http-nio-8080"]
