02-Nov-2023 09:00:53.476 INFO [main] org.apache.catalina.startup.VersionLoggerListener.log Server version name:   Apache Tomcat/9.0.82
02-Nov-2023 09:00:53.487 INFO [main] org.apache.catalina.startup.VersionLoggerListener.log Server built:          Oct 11 2023 13:15:08 UTC
02-Nov-2023 09:00:53.488 INFO [main] org.apache.catalina.startup.VersionLoggerListener.log Server version number: 9.0.82.0
02-Nov-2023 09:00:53.488 INFO [main] org.apache.catalina.startup.VersionLoggerListener.log OS Name:               Windows 11
02-Nov-2023 09:00:53.489 INFO [main] org.apache.catalina.startup.VersionLoggerListener.log Версия ОС:             10.0
02-Nov-2023 09:00:53.489 INFO [main] org.apache.catalina.startup.VersionLoggerListener.log Архитектура:           amd64
02-Nov-2023 09:00:53.489 INFO [main] org.apache.catalina.startup.VersionLoggerListener.log Java Home:             C:\Users\zloug\.jdks\corretto-17.0.8.1
02-Nov-2023 09:00:53.490 INFO [main] org.apache.catalina.startup.VersionLoggerListener.log Версия JVM:            17.0.8.1+8-LTS
02-Nov-2023 09:00:53.490 INFO [main] org.apache.catalina.startup.VersionLoggerListener.log Производитель JVM:     Amazon.com Inc.
02-Nov-2023 09:00:53.491 INFO [main] org.apache.catalina.startup.VersionLoggerListener.log CATALINA_BASE:         D:\laboratory-works\third year\fifth semester\Object-oriented programming technologies\lab2\src\main\webapp
02-Nov-2023 09:00:53.491 INFO [main] org.apache.catalina.startup.VersionLoggerListener.log CATALINA_HOME:         C:\Program Files\Apache Software Foundation\Tomcat 9.0
02-Nov-2023 09:00:53.512 INFO [main] org.apache.catalina.startup.VersionLoggerListener.log Command line argument: --add-opens=java.base/java.lang=ALL-UNNAMED
02-Nov-2023 09:00:53.512 INFO [main] org.apache.catalina.startup.VersionLoggerListener.log Command line argument: --add-opens=java.base/java.io=ALL-UNNAMED
02-Nov-2023 09:00:53.512 INFO [main] org.apache.catalina.startup.VersionLoggerListener.log Command line argument: --add-opens=java.base/java.util=ALL-UNNAMED
02-Nov-2023 09:00:53.512 INFO [main] org.apache.catalina.startup.VersionLoggerListener.log Command line argument: --add-opens=java.base/java.util.concurrent=ALL-UNNAMED
02-Nov-2023 09:00:53.513 INFO [main] org.apache.catalina.startup.VersionLoggerListener.log Command line argument: --add-opens=java.rmi/sun.rmi.transport=ALL-UNNAMED
02-Nov-2023 09:00:53.513 INFO [main] org.apache.catalina.startup.VersionLoggerListener.log Command line argument: -Dcatalina.home=C:\Program Files\Apache Software Foundation\Tomcat 9.0
02-Nov-2023 09:00:53.513 INFO [main] org.apache.catalina.startup.VersionLoggerListener.log Command line argument: -Dcatalina.base=D:\laboratory-works\third year\fifth semester\Object-oriented programming technologies\lab2\src\main\webapp
02-Nov-2023 09:00:53.514 INFO [main] org.apache.catalina.startup.VersionLoggerListener.log Command line argument: -Djava.io.tmpdir=D:\laboratory-works\third year\fifth semester\Object-oriented programming technologies\lab2\src\main\webapp\temp
02-Nov-2023 09:00:53.514 INFO [main] org.apache.catalina.startup.VersionLoggerListener.log Command line argument: -Djava.util.logging.config.file=D:\laboratory-works\third year\fifth semester\Object-oriented programming technologies\lab2\src\main\webapp\conf\logging.properties
02-Nov-2023 09:00:53.515 INFO [main] org.apache.catalina.startup.VersionLoggerListener.log Command line argument: -Djava.util.logging.manager=org.apache.juli.ClassLoaderLogManager
02-Nov-2023 09:00:53.515 INFO [main] org.apache.catalina.startup.VersionLoggerListener.log Command line argument: -javaagent:D:\Soft\Intellij IDEA\IntelliJ IDEA Community Edition 2022.3.2\lib\idea_rt.jar=54852:D:\Soft\Intellij IDEA\IntelliJ IDEA Community Edition 2022.3.2\bin
02-Nov-2023 09:00:53.516 INFO [main] org.apache.catalina.startup.VersionLoggerListener.log Command line argument: -Dfile.encoding=UTF-8
02-Nov-2023 09:00:53.533 INFO [main] org.apache.catalina.core.AprLifecycleListener.lifecycleEvent The Apache Tomcat Native library which allows using OpenSSL was not found on the java.library.path: [C:\Users\zloug\.jdks\corretto-17.0.8.1\bin;C:\WINDOWS\Sun\Java\bin;C:\WINDOWS\system32;C:\WINDOWS;C:\Program Files\Common Files\Oracle\Java\javapath;C:\WINDOWS\system32;C:\WINDOWS;C:\WINDOWS\System32\Wbem;C:\WINDOWS\System32\WindowsPowerShell\v1.0\;C:\WINDOWS\System32\OpenSSH\;C:\Program Files\NVIDIA Corporation\NVIDIA NvDLISR;C:\Program Files (x86)\NVIDIA Corporation\PhysX\Common;D:\Soft\Git\Git\cmd;C:\Program Files\nodejs\;C:\Program Files (x86)\Microsoft SQL Server\160\Tools\Binn\;C:\Program Files\Microsoft SQL Server\160\Tools\Binn\;C:\Program Files\Microsoft SQL Server\Client SDK\ODBC\170\Tools\Binn\;C:\Program Files\Microsoft SQL Server\160\DTS\Binn\;C:\Program Files\dotnet\;C:\Program Files\Microsoft SQL Server\150\Tools\Binn\;C:\Program Files (x86)\Microsoft SQL Server\160\DTS\Binn\;C:\Program Files\Azure Data Studio\bin;C:\Users\zloug\AppData\Local\Microsoft\WindowsApps;D:\Soft\VS Code\Microsoft VS Code\bin;C:\Users\zloug\AppData\Roaming\npm;C:\Program Files\Java\jdk-19\bin;C:\Users\zloug\.dotnet\tools;C:\Program Files\Azure Data Studio\bin;.]
02-Nov-2023 09:00:54.188 INFO [main] org.apache.coyote.AbstractProtocol.init Инициализация ProtocolHandler ["http-nio-8080"]
02-Nov-2023 09:00:54.223 INFO [main] org.apache.catalina.startup.Catalina.load Server initialization in [1367] milliseconds
02-Nov-2023 09:00:54.342 INFO [main] org.apache.catalina.core.StandardService.startInternal Starting service [Catalina]
02-Nov-2023 09:00:54.343 INFO [main] org.apache.catalina.core.StandardEngine.startInternal Starting Servlet engine: [Apache Tomcat/9.0.82]
02-Nov-2023 09:00:54.364 INFO [main] org.apache.catalina.startup.HostConfig.deployDescriptor Deploying deployment descriptor [D:\laboratory-works\third year\fifth semester\Object-oriented programming technologies\lab2\src\main\webapp\conf\Catalina\localhost\lab2.xml]
02-Nov-2023 09:00:55.494 INFO [main] org.apache.jasper.servlet.TldScanner.scanJars At least one JAR was scanned for TLDs yet contained no TLDs. Enable debug logging for this logger for a complete list of JARs that were scanned but no TLDs were found in them. Skipping unneeded JARs during scanning can improve startup time and JSP compilation time.
02-Nov-2023 09:00:55.731 INFO [main] org.apache.catalina.startup.HostConfig.deployDescriptor Deployment of deployment descriptor [D:\laboratory-works\third year\fifth semester\Object-oriented programming technologies\lab2\src\main\webapp\conf\Catalina\localhost\lab2.xml] has finished in [1 362] ms
02-Nov-2023 09:00:55.738 INFO [main] org.apache.coyote.AbstractProtocol.start Starting ProtocolHandler ["http-nio-8080"]
02-Nov-2023 09:00:55.833 INFO [main] org.apache.catalina.startup.Catalina.start Server startup in [1610] milliseconds
02-Nov-2023 09:10:10.621 INFO [Thread-1] org.apache.coyote.AbstractProtocol.pause Pausing ProtocolHandler ["http-nio-8080"]
02-Nov-2023 09:10:10.645 INFO [Thread-1] org.apache.catalina.core.StandardService.stopInternal Stopping service [Catalina]
02-Nov-2023 09:10:10.714 INFO [Thread-1] org.apache.coyote.AbstractProtocol.stop Stopping ProtocolHandler ["http-nio-8080"]
02-Nov-2023 09:10:10.725 INFO [Thread-1] org.apache.coyote.AbstractProtocol.destroy Destroying ProtocolHandler ["http-nio-8080"]
02-Nov-2023 09:10:14.750 INFO [main] org.apache.catalina.startup.VersionLoggerListener.log Server version name:   Apache Tomcat/9.0.82
02-Nov-2023 09:10:14.756 INFO [main] org.apache.catalina.startup.VersionLoggerListener.log Server built:          Oct 11 2023 13:15:08 UTC
02-Nov-2023 09:10:14.756 INFO [main] org.apache.catalina.startup.VersionLoggerListener.log Server version number: 9.0.82.0
02-Nov-2023 09:10:14.756 INFO [main] org.apache.catalina.startup.VersionLoggerListener.log OS Name:               Windows 11
02-Nov-2023 09:10:14.757 INFO [main] org.apache.catalina.startup.VersionLoggerListener.log Версия ОС:             10.0
02-Nov-2023 09:10:14.757 INFO [main] org.apache.catalina.startup.VersionLoggerListener.log Архитектура:           amd64
02-Nov-2023 09:10:14.758 INFO [main] org.apache.catalina.startup.VersionLoggerListener.log Java Home:             C:\Users\zloug\.jdks\corretto-17.0.8.1
02-Nov-2023 09:10:14.758 INFO [main] org.apache.catalina.startup.VersionLoggerListener.log Версия JVM:            17.0.8.1+8-LTS
02-Nov-2023 09:10:14.759 INFO [main] org.apache.catalina.startup.VersionLoggerListener.log Производитель JVM:     Amazon.com Inc.
02-Nov-2023 09:10:14.759 INFO [main] org.apache.catalina.startup.VersionLoggerListener.log CATALINA_BASE:         D:\laboratory-works\third year\fifth semester\Object-oriented programming technologies\lab2\src\main\webapp
02-Nov-2023 09:10:14.759 INFO [main] org.apache.catalina.startup.VersionLoggerListener.log CATALINA_HOME:         C:\Program Files\Apache Software Foundation\Tomcat 9.0
02-Nov-2023 09:10:14.778 INFO [main] org.apache.catalina.startup.VersionLoggerListener.log Command line argument: --add-opens=java.base/java.lang=ALL-UNNAMED
02-Nov-2023 09:10:14.778 INFO [main] org.apache.catalina.startup.VersionLoggerListener.log Command line argument: --add-opens=java.base/java.io=ALL-UNNAMED
02-Nov-2023 09:10:14.778 INFO [main] org.apache.catalina.startup.VersionLoggerListener.log Command line argument: --add-opens=java.base/java.util=ALL-UNNAMED
02-Nov-2023 09:10:14.778 INFO [main] org.apache.catalina.startup.VersionLoggerListener.log Command line argument: --add-opens=java.base/java.util.concurrent=ALL-UNNAMED
02-Nov-2023 09:10:14.779 INFO [main] org.apache.catalina.startup.VersionLoggerListener.log Command line argument: --add-opens=java.rmi/sun.rmi.transport=ALL-UNNAMED
02-Nov-2023 09:10:14.779 INFO [main] org.apache.catalina.startup.VersionLoggerListener.log Command line argument: -Dcatalina.home=C:\Program Files\Apache Software Foundation\Tomcat 9.0
02-Nov-2023 09:10:14.779 INFO [main] org.apache.catalina.startup.VersionLoggerListener.log Command line argument: -Dcatalina.base=D:\laboratory-works\third year\fifth semester\Object-oriented programming technologies\lab2\src\main\webapp
02-Nov-2023 09:10:14.780 INFO [main] org.apache.catalina.startup.VersionLoggerListener.log Command line argument: -Djava.io.tmpdir=D:\laboratory-works\third year\fifth semester\Object-oriented programming technologies\lab2\src\main\webapp\temp
02-Nov-2023 09:10:14.780 INFO [main] org.apache.catalina.startup.VersionLoggerListener.log Command line argument: -Djava.util.logging.config.file=D:\laboratory-works\third year\fifth semester\Object-oriented programming technologies\lab2\src\main\webapp\conf\logging.properties
02-Nov-2023 09:10:14.780 INFO [main] org.apache.catalina.startup.VersionLoggerListener.log Command line argument: -Djava.util.logging.manager=org.apache.juli.ClassLoaderLogManager
02-Nov-2023 09:10:14.780 INFO [main] org.apache.catalina.startup.VersionLoggerListener.log Command line argument: -javaagent:D:\Soft\Intellij IDEA\IntelliJ IDEA Community Edition 2022.3.2\lib\idea_rt.jar=55163:D:\Soft\Intellij IDEA\IntelliJ IDEA Community Edition 2022.3.2\bin
02-Nov-2023 09:10:14.781 INFO [main] org.apache.catalina.startup.VersionLoggerListener.log Command line argument: -Dfile.encoding=UTF-8
02-Nov-2023 09:10:14.796 INFO [main] org.apache.catalina.core.AprLifecycleListener.lifecycleEvent The Apache Tomcat Native library which allows using OpenSSL was not found on the java.library.path: [C:\Users\zloug\.jdks\corretto-17.0.8.1\bin;C:\WINDOWS\Sun\Java\bin;C:\WINDOWS\system32;C:\WINDOWS;C:\Program Files\Common Files\Oracle\Java\javapath;C:\WINDOWS\system32;C:\WINDOWS;C:\WINDOWS\System32\Wbem;C:\WINDOWS\System32\WindowsPowerShell\v1.0\;C:\WINDOWS\System32\OpenSSH\;C:\Program Files\NVIDIA Corporation\NVIDIA NvDLISR;C:\Program Files (x86)\NVIDIA Corporation\PhysX\Common;D:\Soft\Git\Git\cmd;C:\Program Files\nodejs\;C:\Program Files (x86)\Microsoft SQL Server\160\Tools\Binn\;C:\Program Files\Microsoft SQL Server\160\Tools\Binn\;C:\Program Files\Microsoft SQL Server\Client SDK\ODBC\170\Tools\Binn\;C:\Program Files\Microsoft SQL Server\160\DTS\Binn\;C:\Program Files\dotnet\;C:\Program Files\Microsoft SQL Server\150\Tools\Binn\;C:\Program Files (x86)\Microsoft SQL Server\160\DTS\Binn\;C:\Program Files\Azure Data Studio\bin;C:\Users\zloug\AppData\Local\Microsoft\WindowsApps;D:\Soft\VS Code\Microsoft VS Code\bin;C:\Users\zloug\AppData\Roaming\npm;C:\Program Files\Java\jdk-19\bin;C:\Users\zloug\.dotnet\tools;C:\Program Files\Azure Data Studio\bin;.]
02-Nov-2023 09:10:15.445 INFO [main] org.apache.coyote.AbstractProtocol.init Инициализация ProtocolHandler ["http-nio-8080"]
02-Nov-2023 09:10:15.484 INFO [main] org.apache.catalina.startup.Catalina.load Server initialization in [1226] milliseconds
02-Nov-2023 09:10:15.598 INFO [main] org.apache.catalina.core.StandardService.startInternal Starting service [Catalina]
02-Nov-2023 09:10:15.598 INFO [main] org.apache.catalina.core.StandardEngine.startInternal Starting Servlet engine: [Apache Tomcat/9.0.82]
02-Nov-2023 09:10:15.624 INFO [main] org.apache.catalina.startup.HostConfig.deployDescriptor Deploying deployment descriptor [D:\laboratory-works\third year\fifth semester\Object-oriented programming technologies\lab2\src\main\webapp\conf\Catalina\localhost\lab2.xml]
02-Nov-2023 09:10:16.773 INFO [main] org.apache.jasper.servlet.TldScanner.scanJars At least one JAR was scanned for TLDs yet contained no TLDs. Enable debug logging for this logger for a complete list of JARs that were scanned but no TLDs were found in them. Skipping unneeded JARs during scanning can improve startup time and JSP compilation time.
02-Nov-2023 09:10:17.008 INFO [main] org.apache.catalina.startup.HostConfig.deployDescriptor Deployment of deployment descriptor [D:\laboratory-works\third year\fifth semester\Object-oriented programming technologies\lab2\src\main\webapp\conf\Catalina\localhost\lab2.xml] has finished in [1 382] ms
02-Nov-2023 09:10:17.014 INFO [main] org.apache.coyote.AbstractProtocol.start Starting ProtocolHandler ["http-nio-8080"]
02-Nov-2023 09:10:17.094 INFO [main] org.apache.catalina.startup.Catalina.start Server startup in [1609] milliseconds
02-Nov-2023 09:10:43.066 INFO [Thread-1] org.apache.coyote.AbstractProtocol.pause Pausing ProtocolHandler ["http-nio-8080"]
02-Nov-2023 09:10:43.098 INFO [Thread-1] org.apache.catalina.core.StandardService.stopInternal Stopping service [Catalina]
02-Nov-2023 09:10:43.123 INFO [Thread-1] org.apache.coyote.AbstractProtocol.stop Stopping ProtocolHandler ["http-nio-8080"]
02-Nov-2023 09:10:43.160 INFO [Thread-1] org.apache.coyote.AbstractProtocol.destroy Destroying ProtocolHandler ["http-nio-8080"]
02-Nov-2023 09:40:54.450 INFO [main] org.apache.catalina.startup.VersionLoggerListener.log Server version name:   Apache Tomcat/9.0.82
02-Nov-2023 09:40:54.456 INFO [main] org.apache.catalina.startup.VersionLoggerListener.log Server built:          Oct 11 2023 13:15:08 UTC
02-Nov-2023 09:40:54.457 INFO [main] org.apache.catalina.startup.VersionLoggerListener.log Server version number: 9.0.82.0
02-Nov-2023 09:40:54.458 INFO [main] org.apache.catalina.startup.VersionLoggerListener.log OS Name:               Windows 11
02-Nov-2023 09:40:54.458 INFO [main] org.apache.catalina.startup.VersionLoggerListener.log Версия ОС:             10.0
02-Nov-2023 09:40:54.458 INFO [main] org.apache.catalina.startup.VersionLoggerListener.log Архитектура:           amd64
02-Nov-2023 09:40:54.458 INFO [main] org.apache.catalina.startup.VersionLoggerListener.log Java Home:             C:\Users\zloug\.jdks\corretto-17.0.8.1
02-Nov-2023 09:40:54.459 INFO [main] org.apache.catalina.startup.VersionLoggerListener.log Версия JVM:            17.0.8.1+8-LTS
02-Nov-2023 09:40:54.459 INFO [main] org.apache.catalina.startup.VersionLoggerListener.log Производитель JVM:     Amazon.com Inc.
02-Nov-2023 09:40:54.459 INFO [main] org.apache.catalina.startup.VersionLoggerListener.log CATALINA_BASE:         D:\laboratory-works\third year\fifth semester\Object-oriented programming technologies\lab2\src\main\webapp
02-Nov-2023 09:40:54.459 INFO [main] org.apache.catalina.startup.VersionLoggerListener.log CATALINA_HOME:         C:\Program Files\Apache Software Foundation\Tomcat 9.0
02-Nov-2023 09:40:54.478 INFO [main] org.apache.catalina.startup.VersionLoggerListener.log Command line argument: --add-opens=java.base/java.lang=ALL-UNNAMED
02-Nov-2023 09:40:54.478 INFO [main] org.apache.catalina.startup.VersionLoggerListener.log Command line argument: --add-opens=java.base/java.io=ALL-UNNAMED
02-Nov-2023 09:40:54.478 INFO [main] org.apache.catalina.startup.VersionLoggerListener.log Command line argument: --add-opens=java.base/java.util=ALL-UNNAMED
02-Nov-2023 09:40:54.479 INFO [main] org.apache.catalina.startup.VersionLoggerListener.log Command line argument: --add-opens=java.base/java.util.concurrent=ALL-UNNAMED
02-Nov-2023 09:40:54.480 INFO [main] org.apache.catalina.startup.VersionLoggerListener.log Command line argument: --add-opens=java.rmi/sun.rmi.transport=ALL-UNNAMED
02-Nov-2023 09:40:54.480 INFO [main] org.apache.catalina.startup.VersionLoggerListener.log Command line argument: -Dcatalina.home=C:\Program Files\Apache Software Foundation\Tomcat 9.0
02-Nov-2023 09:40:54.480 INFO [main] org.apache.catalina.startup.VersionLoggerListener.log Command line argument: -Dcatalina.base=D:\laboratory-works\third year\fifth semester\Object-oriented programming technologies\lab2\src\main\webapp
02-Nov-2023 09:40:54.480 INFO [main] org.apache.catalina.startup.VersionLoggerListener.log Command line argument: -Djava.io.tmpdir=D:\laboratory-works\third year\fifth semester\Object-oriented programming technologies\lab2\src\main\webapp\temp
02-Nov-2023 09:40:54.481 INFO [main] org.apache.catalina.startup.VersionLoggerListener.log Command line argument: -Djava.util.logging.config.file=D:\laboratory-works\third year\fifth semester\Object-oriented programming technologies\lab2\src\main\webapp\conf\logging.properties
02-Nov-2023 09:40:54.481 INFO [main] org.apache.catalina.startup.VersionLoggerListener.log Command line argument: -Djava.util.logging.manager=org.apache.juli.ClassLoaderLogManager
02-Nov-2023 09:40:54.481 INFO [main] org.apache.catalina.startup.VersionLoggerListener.log Command line argument: -javaagent:D:\Soft\Intellij IDEA\IntelliJ IDEA Community Edition 2022.3.2\lib\idea_rt.jar=59458:D:\Soft\Intellij IDEA\IntelliJ IDEA Community Edition 2022.3.2\bin
02-Nov-2023 09:40:54.481 INFO [main] org.apache.catalina.startup.VersionLoggerListener.log Command line argument: -Dfile.encoding=UTF-8
02-Nov-2023 09:40:54.495 INFO [main] org.apache.catalina.core.AprLifecycleListener.lifecycleEvent The Apache Tomcat Native library which allows using OpenSSL was not found on the java.library.path: [C:\Users\zloug\.jdks\corretto-17.0.8.1\bin;C:\WINDOWS\Sun\Java\bin;C:\WINDOWS\system32;C:\WINDOWS;C:\Program Files\Common Files\Oracle\Java\javapath;C:\WINDOWS\system32;C:\WINDOWS;C:\WINDOWS\System32\Wbem;C:\WINDOWS\System32\WindowsPowerShell\v1.0\;C:\WINDOWS\System32\OpenSSH\;C:\Program Files\NVIDIA Corporation\NVIDIA NvDLISR;C:\Program Files (x86)\NVIDIA Corporation\PhysX\Common;D:\Soft\Git\Git\cmd;C:\Program Files\nodejs\;C:\Program Files (x86)\Microsoft SQL Server\160\Tools\Binn\;C:\Program Files\Microsoft SQL Server\160\Tools\Binn\;C:\Program Files\Microsoft SQL Server\Client SDK\ODBC\170\Tools\Binn\;C:\Program Files\Microsoft SQL Server\160\DTS\Binn\;C:\Program Files\dotnet\;C:\Program Files\Microsoft SQL Server\150\Tools\Binn\;C:\Program Files (x86)\Microsoft SQL Server\160\DTS\Binn\;C:\Program Files\Azure Data Studio\bin;C:\Users\zloug\AppData\Local\Microsoft\WindowsApps;D:\Soft\VS Code\Microsoft VS Code\bin;C:\Users\zloug\AppData\Roaming\npm;C:\Program Files\Java\jdk-19\bin;C:\Users\zloug\.dotnet\tools;C:\Program Files\Azure Data Studio\bin;.]
02-Nov-2023 09:40:54.917 INFO [main] org.apache.coyote.AbstractProtocol.init Инициализация ProtocolHandler ["http-nio-8080"]
02-Nov-2023 09:40:54.944 INFO [main] org.apache.catalina.startup.Catalina.load Server initialization in [752] milliseconds
02-Nov-2023 09:40:55.020 INFO [main] org.apache.catalina.core.StandardService.startInternal Starting service [Catalina]
02-Nov-2023 09:40:55.020 INFO [main] org.apache.catalina.core.StandardEngine.startInternal Starting Servlet engine: [Apache Tomcat/9.0.82]
02-Nov-2023 09:40:55.036 INFO [main] org.apache.catalina.startup.HostConfig.deployDescriptor Deploying deployment descriptor [D:\laboratory-works\third year\fifth semester\Object-oriented programming technologies\lab2\src\main\webapp\conf\Catalina\localhost\lab2.xml]
02-Nov-2023 09:40:55.576 INFO [main] org.apache.jasper.servlet.TldScanner.scanJars At least one JAR was scanned for TLDs yet contained no TLDs. Enable debug logging for this logger for a complete list of JARs that were scanned but no TLDs were found in them. Skipping unneeded JARs during scanning can improve startup time and JSP compilation time.
02-Nov-2023 09:40:55.696 INFO [main] org.apache.catalina.startup.HostConfig.deployDescriptor Deployment of deployment descriptor [D:\laboratory-works\third year\fifth semester\Object-oriented programming technologies\lab2\src\main\webapp\conf\Catalina\localhost\lab2.xml] has finished in [658] ms
02-Nov-2023 09:40:55.699 INFO [main] org.apache.coyote.AbstractProtocol.start Starting ProtocolHandler ["http-nio-8080"]
02-Nov-2023 09:40:55.741 INFO [main] org.apache.catalina.startup.Catalina.start Server startup in [796] milliseconds
02-Nov-2023 09:45:28.425 INFO [Thread-1] org.apache.coyote.AbstractProtocol.pause Pausing ProtocolHandler ["http-nio-8080"]
02-Nov-2023 09:45:28.436 INFO [Thread-1] org.apache.catalina.core.StandardService.stopInternal Stopping service [Catalina]
02-Nov-2023 09:45:28.449 INFO [Thread-1] org.apache.coyote.AbstractProtocol.stop Stopping ProtocolHandler ["http-nio-8080"]
02-Nov-2023 09:45:28.456 INFO [Thread-1] org.apache.coyote.AbstractProtocol.destroy Destroying ProtocolHandler ["http-nio-8080"]
02-Nov-2023 09:50:12.829 INFO [main] org.apache.catalina.startup.VersionLoggerListener.log Server version name:   Apache Tomcat/9.0.82
02-Nov-2023 09:50:12.835 INFO [main] org.apache.catalina.startup.VersionLoggerListener.log Server built:          Oct 11 2023 13:15:08 UTC
02-Nov-2023 09:50:12.836 INFO [main] org.apache.catalina.startup.VersionLoggerListener.log Server version number: 9.0.82.0
02-Nov-2023 09:50:12.836 INFO [main] org.apache.catalina.startup.VersionLoggerListener.log OS Name:               Windows 11
02-Nov-2023 09:50:12.837 INFO [main] org.apache.catalina.startup.VersionLoggerListener.log Версия ОС:             10.0
02-Nov-2023 09:50:12.837 INFO [main] org.apache.catalina.startup.VersionLoggerListener.log Архитектура:           amd64
02-Nov-2023 09:50:12.837 INFO [main] org.apache.catalina.startup.VersionLoggerListener.log Java Home:             C:\Users\zloug\.jdks\corretto-17.0.8.1
02-Nov-2023 09:50:12.837 INFO [main] org.apache.catalina.startup.VersionLoggerListener.log Версия JVM:            17.0.8.1+8-LTS
02-Nov-2023 09:50:12.837 INFO [main] org.apache.catalina.startup.VersionLoggerListener.log Производитель JVM:     Amazon.com Inc.
02-Nov-2023 09:50:12.837 INFO [main] org.apache.catalina.startup.VersionLoggerListener.log CATALINA_BASE:         D:\laboratory-works\third year\fifth semester\Object-oriented programming technologies\lab2\src\main\webapp
02-Nov-2023 09:50:12.839 INFO [main] org.apache.catalina.startup.VersionLoggerListener.log CATALINA_HOME:         C:\Program Files\Apache Software Foundation\Tomcat 9.0
02-Nov-2023 09:50:12.850 INFO [main] org.apache.catalina.startup.VersionLoggerListener.log Command line argument: --add-opens=java.base/java.lang=ALL-UNNAMED
02-Nov-2023 09:50:12.850 INFO [main] org.apache.catalina.startup.VersionLoggerListener.log Command line argument: --add-opens=java.base/java.io=ALL-UNNAMED
02-Nov-2023 09:50:12.851 INFO [main] org.apache.catalina.startup.VersionLoggerListener.log Command line argument: --add-opens=java.base/java.util=ALL-UNNAMED
02-Nov-2023 09:50:12.851 INFO [main] org.apache.catalina.startup.VersionLoggerListener.log Command line argument: --add-opens=java.base/java.util.concurrent=ALL-UNNAMED
02-Nov-2023 09:50:12.851 INFO [main] org.apache.catalina.startup.VersionLoggerListener.log Command line argument: --add-opens=java.rmi/sun.rmi.transport=ALL-UNNAMED
02-Nov-2023 09:50:12.851 INFO [main] org.apache.catalina.startup.VersionLoggerListener.log Command line argument: -Dcatalina.home=C:\Program Files\Apache Software Foundation\Tomcat 9.0
02-Nov-2023 09:50:12.851 INFO [main] org.apache.catalina.startup.VersionLoggerListener.log Command line argument: -Dcatalina.base=D:\laboratory-works\third year\fifth semester\Object-oriented programming technologies\lab2\src\main\webapp
02-Nov-2023 09:50:12.851 INFO [main] org.apache.catalina.startup.VersionLoggerListener.log Command line argument: -Djava.io.tmpdir=D:\laboratory-works\third year\fifth semester\Object-oriented programming technologies\lab2\src\main\webapp\temp
02-Nov-2023 09:50:12.851 INFO [main] org.apache.catalina.startup.VersionLoggerListener.log Command line argument: -Djava.util.logging.config.file=D:\laboratory-works\third year\fifth semester\Object-oriented programming technologies\lab2\src\main\webapp\conf\logging.properties
02-Nov-2023 09:50:12.851 INFO [main] org.apache.catalina.startup.VersionLoggerListener.log Command line argument: -Djava.util.logging.manager=org.apache.juli.ClassLoaderLogManager
02-Nov-2023 09:50:12.851 INFO [main] org.apache.catalina.startup.VersionLoggerListener.log Command line argument: -javaagent:D:\Soft\Intellij IDEA\IntelliJ IDEA Community Edition 2022.3.2\lib\idea_rt.jar=59659:D:\Soft\Intellij IDEA\IntelliJ IDEA Community Edition 2022.3.2\bin
02-Nov-2023 09:50:12.851 INFO [main] org.apache.catalina.startup.VersionLoggerListener.log Command line argument: -Dfile.encoding=UTF-8
02-Nov-2023 09:50:12.862 INFO [main] org.apache.catalina.core.AprLifecycleListener.lifecycleEvent The Apache Tomcat Native library which allows using OpenSSL was not found on the java.library.path: [C:\Users\zloug\.jdks\corretto-17.0.8.1\bin;C:\WINDOWS\Sun\Java\bin;C:\WINDOWS\system32;C:\WINDOWS;C:\Program Files\Common Files\Oracle\Java\javapath;C:\WINDOWS\system32;C:\WINDOWS;C:\WINDOWS\System32\Wbem;C:\WINDOWS\System32\WindowsPowerShell\v1.0\;C:\WINDOWS\System32\OpenSSH\;C:\Program Files\NVIDIA Corporation\NVIDIA NvDLISR;C:\Program Files (x86)\NVIDIA Corporation\PhysX\Common;D:\Soft\Git\Git\cmd;C:\Program Files\nodejs\;C:\Program Files (x86)\Microsoft SQL Server\160\Tools\Binn\;C:\Program Files\Microsoft SQL Server\160\Tools\Binn\;C:\Program Files\Microsoft SQL Server\Client SDK\ODBC\170\Tools\Binn\;C:\Program Files\Microsoft SQL Server\160\DTS\Binn\;C:\Program Files\dotnet\;C:\Program Files\Microsoft SQL Server\150\Tools\Binn\;C:\Program Files (x86)\Microsoft SQL Server\160\DTS\Binn\;C:\Program Files\Azure Data Studio\bin;C:\Users\zloug\AppData\Local\Microsoft\WindowsApps;D:\Soft\VS Code\Microsoft VS Code\bin;C:\Users\zloug\AppData\Roaming\npm;C:\Program Files\Java\jdk-19\bin;C:\Users\zloug\.dotnet\tools;C:\Program Files\Azure Data Studio\bin;.]
02-Nov-2023 09:50:13.188 INFO [main] org.apache.coyote.AbstractProtocol.init Инициализация ProtocolHandler ["http-nio-8080"]
02-Nov-2023 09:50:13.208 INFO [main] org.apache.catalina.startup.Catalina.load Server initialization in [633] milliseconds
02-Nov-2023 09:50:13.269 INFO [main] org.apache.catalina.core.StandardService.startInternal Starting service [Catalina]
02-Nov-2023 09:50:13.271 INFO [main] org.apache.catalina.core.StandardEngine.startInternal Starting Servlet engine: [Apache Tomcat/9.0.82]
02-Nov-2023 09:50:13.283 INFO [main] org.apache.catalina.startup.HostConfig.deployDescriptor Deploying deployment descriptor [D:\laboratory-works\third year\fifth semester\Object-oriented programming technologies\lab2\src\main\webapp\conf\Catalina\localhost\lab2.xml]
02-Nov-2023 09:50:13.785 INFO [main] org.apache.jasper.servlet.TldScanner.scanJars At least one JAR was scanned for TLDs yet contained no TLDs. Enable debug logging for this logger for a complete list of JARs that were scanned but no TLDs were found in them. Skipping unneeded JARs during scanning can improve startup time and JSP compilation time.
02-Nov-2023 09:50:13.886 INFO [main] org.apache.catalina.startup.HostConfig.deployDescriptor Deployment of deployment descriptor [D:\laboratory-works\third year\fifth semester\Object-oriented programming technologies\lab2\src\main\webapp\conf\Catalina\localhost\lab2.xml] has finished in [603] ms
02-Nov-2023 09:50:13.889 INFO [main] org.apache.coyote.AbstractProtocol.start Starting ProtocolHandler ["http-nio-8080"]
02-Nov-2023 09:50:13.925 INFO [main] org.apache.catalina.startup.Catalina.start Server startup in [715] milliseconds
02-Nov-2023 09:50:17.050 INFO [Thread-1] org.apache.coyote.AbstractProtocol.pause Pausing ProtocolHandler ["http-nio-8080"]
02-Nov-2023 09:50:17.061 INFO [Thread-1] org.apache.catalina.core.StandardService.stopInternal Stopping service [Catalina]
02-Nov-2023 09:50:17.071 INFO [Thread-1] org.apache.coyote.AbstractProtocol.stop Stopping ProtocolHandler ["http-nio-8080"]
02-Nov-2023 09:50:17.075 INFO [Thread-1] org.apache.coyote.AbstractProtocol.destroy Destroying ProtocolHandler ["http-nio-8080"]
