14-Nov-2023 19:18:20.883 INFO [main] org.apache.catalina.startup.VersionLoggerListener.log Server version name:   Apache Tomcat/9.0.82
14-Nov-2023 19:18:20.888 INFO [main] org.apache.catalina.startup.VersionLoggerListener.log Server built:          Oct 11 2023 13:15:08 UTC
14-Nov-2023 19:18:20.888 INFO [main] org.apache.catalina.startup.VersionLoggerListener.log Server version number: 9.0.82.0
14-Nov-2023 19:18:20.888 INFO [main] org.apache.catalina.startup.VersionLoggerListener.log OS Name:               Windows 11
14-Nov-2023 19:18:20.889 INFO [main] org.apache.catalina.startup.VersionLoggerListener.log Версия ОС:             10.0
14-Nov-2023 19:18:20.889 INFO [main] org.apache.catalina.startup.VersionLoggerListener.log Архитектура:           amd64
14-Nov-2023 19:18:20.889 INFO [main] org.apache.catalina.startup.VersionLoggerListener.log Java Home:             C:\Users\zloug\.jdks\corretto-17.0.8.1
14-Nov-2023 19:18:20.889 INFO [main] org.apache.catalina.startup.VersionLoggerListener.log Версия JVM:            17.0.8.1+8-LTS
14-Nov-2023 19:18:20.889 INFO [main] org.apache.catalina.startup.VersionLoggerListener.log Производитель JVM:     Amazon.com Inc.
14-Nov-2023 19:18:20.890 INFO [main] org.apache.catalina.startup.VersionLoggerListener.log CATALINA_BASE:         D:\laboratory-works\third year\fifth semester\Object-oriented programming technologies\lab2\src\main\webapp
14-Nov-2023 19:18:20.890 INFO [main] org.apache.catalina.startup.VersionLoggerListener.log CATALINA_HOME:         C:\Program Files\Apache Software Foundation\Tomcat 9.0
14-Nov-2023 19:18:20.901 INFO [main] org.apache.catalina.startup.VersionLoggerListener.log Command line argument: --add-opens=java.base/java.lang=ALL-UNNAMED
14-Nov-2023 19:18:20.901 INFO [main] org.apache.catalina.startup.VersionLoggerListener.log Command line argument: --add-opens=java.base/java.io=ALL-UNNAMED
14-Nov-2023 19:18:20.901 INFO [main] org.apache.catalina.startup.VersionLoggerListener.log Command line argument: --add-opens=java.base/java.util=ALL-UNNAMED
14-Nov-2023 19:18:20.901 INFO [main] org.apache.catalina.startup.VersionLoggerListener.log Command line argument: --add-opens=java.base/java.util.concurrent=ALL-UNNAMED
14-Nov-2023 19:18:20.901 INFO [main] org.apache.catalina.startup.VersionLoggerListener.log Command line argument: --add-opens=java.rmi/sun.rmi.transport=ALL-UNNAMED
14-Nov-2023 19:18:20.901 INFO [main] org.apache.catalina.startup.VersionLoggerListener.log Command line argument: -Dcatalina.home=C:\Program Files\Apache Software Foundation\Tomcat 9.0
14-Nov-2023 19:18:20.901 INFO [main] org.apache.catalina.startup.VersionLoggerListener.log Command line argument: -Dcatalina.base=D:\laboratory-works\third year\fifth semester\Object-oriented programming technologies\lab2\src\main\webapp
14-Nov-2023 19:18:20.901 INFO [main] org.apache.catalina.startup.VersionLoggerListener.log Command line argument: -Djava.io.tmpdir=D:\laboratory-works\third year\fifth semester\Object-oriented programming technologies\lab2\src\main\webapp\temp
14-Nov-2023 19:18:20.901 INFO [main] org.apache.catalina.startup.VersionLoggerListener.log Command line argument: -Djava.util.logging.config.file=D:\laboratory-works\third year\fifth semester\Object-oriented programming technologies\lab2\src\main\webapp\conf\logging.properties
14-Nov-2023 19:18:20.901 INFO [main] org.apache.catalina.startup.VersionLoggerListener.log Command line argument: -Djava.util.logging.manager=org.apache.juli.ClassLoaderLogManager
14-Nov-2023 19:18:20.901 INFO [main] org.apache.catalina.startup.VersionLoggerListener.log Command line argument: -javaagent:D:\Soft\Intellij IDEA\IntelliJ IDEA Community Edition 2022.3.2\lib\idea_rt.jar=56991:D:\Soft\Intellij IDEA\IntelliJ IDEA Community Edition 2022.3.2\bin
14-Nov-2023 19:18:20.901 INFO [main] org.apache.catalina.startup.VersionLoggerListener.log Command line argument: -Dfile.encoding=UTF-8
14-Nov-2023 19:18:20.910 INFO [main] org.apache.catalina.core.AprLifecycleListener.lifecycleEvent The Apache Tomcat Native library which allows using OpenSSL was not found on the java.library.path: [C:\Users\zloug\.jdks\corretto-17.0.8.1\bin;C:\WINDOWS\Sun\Java\bin;C:\WINDOWS\system32;C:\WINDOWS;C:\Program Files\Common Files\Oracle\Java\javapath;C:\WINDOWS\system32;C:\WINDOWS;C:\WINDOWS\System32\Wbem;C:\WINDOWS\System32\WindowsPowerShell\v1.0\;C:\WINDOWS\System32\OpenSSH\;C:\Program Files\NVIDIA Corporation\NVIDIA NvDLISR;C:\Program Files (x86)\NVIDIA Corporation\PhysX\Common;D:\Soft\Git\Git\cmd;C:\Program Files\nodejs\;C:\Program Files (x86)\Microsoft SQL Server\160\Tools\Binn\;C:\Program Files\Microsoft SQL Server\160\Tools\Binn\;C:\Program Files\Microsoft SQL Server\Client SDK\ODBC\170\Tools\Binn\;C:\Program Files\Microsoft SQL Server\160\DTS\Binn\;C:\Program Files\dotnet\;C:\Program Files\Microsoft SQL Server\150\Tools\Binn\;C:\Program Files (x86)\Microsoft SQL Server\160\DTS\Binn\;C:\Program Files\Azure Data Studio\bin;C:\Users\zloug\AppData\Local\Microsoft\WindowsApps;D:\Soft\VS Code\Microsoft VS Code\bin;C:\Users\zloug\AppData\Roaming\npm;C:\Program Files\Java\jdk-19\bin;C:\Users\zloug\.dotnet\tools;C:\Program Files\Azure Data Studio\bin;.]
14-Nov-2023 19:18:21.198 INFO [main] org.apache.coyote.AbstractProtocol.init Инициализация ProtocolHandler ["http-nio-8080"]
14-Nov-2023 19:18:21.221 INFO [main] org.apache.catalina.startup.Catalina.load Server initialization in [602] milliseconds
14-Nov-2023 19:18:21.285 INFO [main] org.apache.catalina.core.StandardService.startInternal Starting service [Catalina]
14-Nov-2023 19:18:21.285 INFO [main] org.apache.catalina.core.StandardEngine.startInternal Starting Servlet engine: [Apache Tomcat/9.0.82]
14-Nov-2023 19:18:21.295 INFO [main] org.apache.catalina.startup.HostConfig.deployDescriptor Deploying deployment descriptor [D:\laboratory-works\third year\fifth semester\Object-oriented programming technologies\lab2\src\main\webapp\conf\Catalina\localhost\lab2.xml]
14-Nov-2023 19:18:21.985 INFO [main] org.apache.jasper.servlet.TldScanner.scanJars At least one JAR was scanned for TLDs yet contained no TLDs. Enable debug logging for this logger for a complete list of JARs that were scanned but no TLDs were found in them. Skipping unneeded JARs during scanning can improve startup time and JSP compilation time.
14-Nov-2023 19:18:22.118 INFO [main] org.apache.catalina.startup.HostConfig.deployDescriptor Deployment of deployment descriptor [D:\laboratory-works\third year\fifth semester\Object-oriented programming technologies\lab2\src\main\webapp\conf\Catalina\localhost\lab2.xml] has finished in [820] ms
14-Nov-2023 19:18:22.121 INFO [main] org.apache.coyote.AbstractProtocol.start Starting ProtocolHandler ["http-nio-8080"]
14-Nov-2023 19:18:22.156 INFO [main] org.apache.catalina.startup.Catalina.start Server startup in [935] milliseconds
14-Nov-2023 19:18:30.485 INFO [Thread-1] org.apache.coyote.AbstractProtocol.pause Pausing ProtocolHandler ["http-nio-8080"]
14-Nov-2023 19:18:30.496 INFO [Thread-1] org.apache.catalina.core.StandardService.stopInternal Stopping service [Catalina]
14-Nov-2023 19:18:30.511 INFO [Thread-1] org.apache.coyote.AbstractProtocol.stop Stopping ProtocolHandler ["http-nio-8080"]
14-Nov-2023 19:18:30.527 INFO [Thread-1] org.apache.coyote.AbstractProtocol.destroy Destroying ProtocolHandler ["http-nio-8080"]
14-Nov-2023 19:18:32.366 INFO [main] org.apache.catalina.startup.VersionLoggerListener.log Server version name:   Apache Tomcat/9.0.82
14-Nov-2023 19:18:32.376 INFO [main] org.apache.catalina.startup.VersionLoggerListener.log Server built:          Oct 11 2023 13:15:08 UTC
14-Nov-2023 19:18:32.377 INFO [main] org.apache.catalina.startup.VersionLoggerListener.log Server version number: 9.0.82.0
14-Nov-2023 19:18:32.377 INFO [main] org.apache.catalina.startup.VersionLoggerListener.log OS Name:               Windows 11
14-Nov-2023 19:18:32.378 INFO [main] org.apache.catalina.startup.VersionLoggerListener.log Версия ОС:             10.0
14-Nov-2023 19:18:32.378 INFO [main] org.apache.catalina.startup.VersionLoggerListener.log Архитектура:           amd64
14-Nov-2023 19:18:32.378 INFO [main] org.apache.catalina.startup.VersionLoggerListener.log Java Home:             C:\Users\zloug\.jdks\corretto-17.0.8.1
14-Nov-2023 19:18:32.378 INFO [main] org.apache.catalina.startup.VersionLoggerListener.log Версия JVM:            17.0.8.1+8-LTS
14-Nov-2023 19:18:32.378 INFO [main] org.apache.catalina.startup.VersionLoggerListener.log Производитель JVM:     Amazon.com Inc.
14-Nov-2023 19:18:32.379 INFO [main] org.apache.catalina.startup.VersionLoggerListener.log CATALINA_BASE:         D:\laboratory-works\third year\fifth semester\Object-oriented programming technologies\lab2\src\main\webapp
14-Nov-2023 19:18:32.379 INFO [main] org.apache.catalina.startup.VersionLoggerListener.log CATALINA_HOME:         C:\Program Files\Apache Software Foundation\Tomcat 9.0
14-Nov-2023 19:18:32.397 INFO [main] org.apache.catalina.startup.VersionLoggerListener.log Command line argument: --add-opens=java.base/java.lang=ALL-UNNAMED
14-Nov-2023 19:18:32.398 INFO [main] org.apache.catalina.startup.VersionLoggerListener.log Command line argument: --add-opens=java.base/java.io=ALL-UNNAMED
14-Nov-2023 19:18:32.398 INFO [main] org.apache.catalina.startup.VersionLoggerListener.log Command line argument: --add-opens=java.base/java.util=ALL-UNNAMED
14-Nov-2023 19:18:32.398 INFO [main] org.apache.catalina.startup.VersionLoggerListener.log Command line argument: --add-opens=java.base/java.util.concurrent=ALL-UNNAMED
14-Nov-2023 19:18:32.398 INFO [main] org.apache.catalina.startup.VersionLoggerListener.log Command line argument: --add-opens=java.rmi/sun.rmi.transport=ALL-UNNAMED
14-Nov-2023 19:18:32.398 INFO [main] org.apache.catalina.startup.VersionLoggerListener.log Command line argument: -Dcatalina.home=C:\Program Files\Apache Software Foundation\Tomcat 9.0
14-Nov-2023 19:18:32.398 INFO [main] org.apache.catalina.startup.VersionLoggerListener.log Command line argument: -Dcatalina.base=D:\laboratory-works\third year\fifth semester\Object-oriented programming technologies\lab2\src\main\webapp
14-Nov-2023 19:18:32.398 INFO [main] org.apache.catalina.startup.VersionLoggerListener.log Command line argument: -Djava.io.tmpdir=D:\laboratory-works\third year\fifth semester\Object-oriented programming technologies\lab2\src\main\webapp\temp
14-Nov-2023 19:18:32.398 INFO [main] org.apache.catalina.startup.VersionLoggerListener.log Command line argument: -Djava.util.logging.config.file=D:\laboratory-works\third year\fifth semester\Object-oriented programming technologies\lab2\src\main\webapp\conf\logging.properties
14-Nov-2023 19:18:32.399 INFO [main] org.apache.catalina.startup.VersionLoggerListener.log Command line argument: -Djava.util.logging.manager=org.apache.juli.ClassLoaderLogManager
14-Nov-2023 19:18:32.399 INFO [main] org.apache.catalina.startup.VersionLoggerListener.log Command line argument: -javaagent:D:\Soft\Intellij IDEA\IntelliJ IDEA Community Edition 2022.3.2\lib\idea_rt.jar=57013:D:\Soft\Intellij IDEA\IntelliJ IDEA Community Edition 2022.3.2\bin
14-Nov-2023 19:18:32.399 INFO [main] org.apache.catalina.startup.VersionLoggerListener.log Command line argument: -Dfile.encoding=UTF-8
14-Nov-2023 19:18:32.417 INFO [main] org.apache.catalina.core.AprLifecycleListener.lifecycleEvent The Apache Tomcat Native library which allows using OpenSSL was not found on the java.library.path: [C:\Users\zloug\.jdks\corretto-17.0.8.1\bin;C:\WINDOWS\Sun\Java\bin;C:\WINDOWS\system32;C:\WINDOWS;C:\Program Files\Common Files\Oracle\Java\javapath;C:\WINDOWS\system32;C:\WINDOWS;C:\WINDOWS\System32\Wbem;C:\WINDOWS\System32\WindowsPowerShell\v1.0\;C:\WINDOWS\System32\OpenSSH\;C:\Program Files\NVIDIA Corporation\NVIDIA NvDLISR;C:\Program Files (x86)\NVIDIA Corporation\PhysX\Common;D:\Soft\Git\Git\cmd;C:\Program Files\nodejs\;C:\Program Files (x86)\Microsoft SQL Server\160\Tools\Binn\;C:\Program Files\Microsoft SQL Server\160\Tools\Binn\;C:\Program Files\Microsoft SQL Server\Client SDK\ODBC\170\Tools\Binn\;C:\Program Files\Microsoft SQL Server\160\DTS\Binn\;C:\Program Files\dotnet\;C:\Program Files\Microsoft SQL Server\150\Tools\Binn\;C:\Program Files (x86)\Microsoft SQL Server\160\DTS\Binn\;C:\Program Files\Azure Data Studio\bin;C:\Users\zloug\AppData\Local\Microsoft\WindowsApps;D:\Soft\VS Code\Microsoft VS Code\bin;C:\Users\zloug\AppData\Roaming\npm;C:\Program Files\Java\jdk-19\bin;C:\Users\zloug\.dotnet\tools;C:\Program Files\Azure Data Studio\bin;.]
14-Nov-2023 19:18:32.887 INFO [main] org.apache.coyote.AbstractProtocol.init Инициализация ProtocolHandler ["http-nio-8080"]
14-Nov-2023 19:18:32.920 INFO [main] org.apache.catalina.startup.Catalina.load Server initialization in [1076] milliseconds
14-Nov-2023 19:18:33.013 INFO [main] org.apache.catalina.core.StandardService.startInternal Starting service [Catalina]
14-Nov-2023 19:18:33.013 INFO [main] org.apache.catalina.core.StandardEngine.startInternal Starting Servlet engine: [Apache Tomcat/9.0.82]
14-Nov-2023 19:18:33.027 INFO [main] org.apache.catalina.startup.HostConfig.deployDescriptor Deploying deployment descriptor [D:\laboratory-works\third year\fifth semester\Object-oriented programming technologies\lab2\src\main\webapp\conf\Catalina\localhost\lab2.xml]
14-Nov-2023 19:18:33.781 INFO [main] org.apache.jasper.servlet.TldScanner.scanJars At least one JAR was scanned for TLDs yet contained no TLDs. Enable debug logging for this logger for a complete list of JARs that were scanned but no TLDs were found in them. Skipping unneeded JARs during scanning can improve startup time and JSP compilation time.
14-Nov-2023 19:18:33.891 INFO [main] org.apache.catalina.startup.HostConfig.deployDescriptor Deployment of deployment descriptor [D:\laboratory-works\third year\fifth semester\Object-oriented programming technologies\lab2\src\main\webapp\conf\Catalina\localhost\lab2.xml] has finished in [862] ms
14-Nov-2023 19:18:33.895 INFO [main] org.apache.coyote.AbstractProtocol.start Starting ProtocolHandler ["http-nio-8080"]
14-Nov-2023 19:18:33.936 INFO [main] org.apache.catalina.startup.Catalina.start Server startup in [1016] milliseconds
14-Nov-2023 19:22:31.722 INFO [Thread-1] org.apache.coyote.AbstractProtocol.pause Pausing ProtocolHandler ["http-nio-8080"]
14-Nov-2023 19:22:31.731 INFO [Thread-1] org.apache.catalina.core.StandardService.stopInternal Stopping service [Catalina]
14-Nov-2023 19:22:31.739 WARNING [Thread-1] org.apache.catalina.loader.WebappClassLoaderBase.clearReferencesJdbc The web application [lab2] registered the JDBC driver [com.mysql.jdbc.Driver] but failed to unregister it when the web application was stopped. To prevent a memory leak, the JDBC Driver has been forcibly unregistered.
14-Nov-2023 19:22:31.744 INFO [Thread-1] org.apache.coyote.AbstractProtocol.stop Stopping ProtocolHandler ["http-nio-8080"]
14-Nov-2023 19:22:31.755 INFO [Thread-1] org.apache.coyote.AbstractProtocol.destroy Destroying ProtocolHandler ["http-nio-8080"]
